LV:I, TM: 2017-01-01 08:05:47, TAG: ##XLogger##, MSG: com.miui.cloudservice.sysbase.receiver.TelephonyStateChangeReceiver::onReceive@TelephonyStateChangeReceiver.java:18, thread:1--Intent { act=miui.android.intent.action.SIM_STATE_CHANGED flg=0x4000011 cmp=com.miui.cloudservice.sysbase/.receiver.TelephonyStateChangeReceiver (has extras) } EXTRAS: [ 'slot_id' => '0'  'subscription_id' => '2147483643'  'phone_id' => '0'  'phoneName' => 'Phone'  'reason' => 'null'  'ss' => 'NOT_READY'  'slot' => '0'  'phone' => '0'  'subscription' => '2147483643' ]
LV:I, TM: 2017-01-01 08:05:47, TAG: ##XLogger##, MSG: com.miui.cloudservice.sysbase.service.SimStateMonitorService::handleTelephonyStateChange@SimStateMonitorService.java:64, thread:1--Handle miui.android.intent.action.SIM_STATE_CHANGED. 
LV:I, TM: 2017-01-01 08:05:47, TAG: ##XLogger##, MSG: com.miui.cloudservice.sysbase.service.SimStateMonitorService::recheckSIMStatus@SimStateMonitorService.java:99, thread:1--Old SIM info: [SIM_INFO{version=1, simId='null', lastCloudId='null', cloudIds=[], simIdReady=false}, SIM_INFO{version=1, simId='null', lastCloudId='null', cloudIds=[], simIdReady=false}]. 
LV:I, TM: 2017-01-01 08:05:47, TAG: ##XLogger##, MSG: com.miui.cloudservice.sysbase.service.SimStateMonitorService::recheckSIMStatus@SimStateMonitorService.java:105, thread:1--SIM 0: state: 1, id: null. 
LV:I, TM: 2017-01-01 08:05:47, TAG: ##XLogger##, MSG: com.miui.cloudservice.sysbase.service.SimStateMonitorService::recheckSIMStatus@SimStateMonitorService.java:105, thread:1--SIM 1: state: 5, id: ZphP6pyvCR7E4FYU. 
LV:I, TM: 2017-01-01 08:05:47, TAG: ##XLogger##, MSG: com.miui.cloudservice.sysbase.service.SimStateMonitorService::recheckSIMStatus@SimStateMonitorService.java:125, thread:1--Broadcast inserted. 
LV:I, TM: 2017-01-01 08:05:47, TAG: ##XLogger##, MSG: com.miui.cloudservice.sysbase.service.SimStateNotificationService::sendNotification@SimStateNotificationService.java:21, thread:1--Intent { act=com.xiaomi.X_SIM_INSERTED (has extras) } EXTRAS: [ 'slot_id' => '1'  'sim_id' => 'ZphP6pyvCR7E4FYU' ]
LV:I, TM: 2017-01-01 08:05:47, TAG: ##XLogger##, MSG: com.miui.cloudservice.sysbase.service.SimStateMonitorService::recheckCloudId@SimStateMonitorService.java:149, thread:1--0, SIM_INFO{version=1, simId='null', lastCloudId='null', cloudIds=[], simIdReady=false}
LV:I, TM: 2017-01-01 08:05:47, TAG: ##XLogger##, MSG: com.miui.cloudservice.sysbase.service.SimStateMonitorService::recheckCloudId@SimStateMonitorService.java:149, thread:1--1, SIM_INFO{version=1, simId='ZphP6pyvCR7E4FYU', lastCloudId='null', cloudIds=[], simIdReady=false}
LV:I, TM: 2017-01-01 08:05:47, TAG: ##XLogger##, MSG: com.miui.cloudservice.sysbase.service.SimStateMonitorService::recheckCloudId@SimStateMonitorService.java:157, thread:1--Cloud ID(SIM 1): e1HnDt4r6jvH4ASu. 
LV:I, TM: 2017-01-01 08:05:47, TAG: ##XLogger##, MSG: com.miui.cloudservice.sysbase.service.SimStateMonitorService::recheckCloudId@SimStateMonitorService.java:166, thread:1--Broadcast cloud ID changed. 
LV:I, TM: 2017-01-01 08:05:47, TAG: ##XLogger##, MSG: com.miui.cloudservice.sysbase.service.SimStateNotificationService::sendNotification@SimStateNotificationService.java:21, thread:1--Intent { act=com.xiaomi.X_SIM_CLOUDID_CHANGED (has extras) } EXTRAS: [ 'slot_id' => '1'  'cloud_id' => 'e1HnDt4r6jvH4ASu' ]
LV:I, TM: 2017-01-01 08:05:47, TAG: ##XLogger##, MSG: com.miui.cloudservice.sysbase.service.SimStateMonitorService::recheckCloudId@SimStateMonitorService.java:175, thread:1--Broadcast new cloud ID. 
LV:I, TM: 2017-01-01 08:05:47, TAG: ##XLogger##, MSG: com.miui.cloudservice.sysbase.service.SimStateNotificationService::sendNotification@SimStateNotificationService.java:21, thread:1--Intent { act=com.xiaomi.X_SIM_NEW_CLOUDID (has extras) } EXTRAS: [ 'slot_id' => '1'  'cloud_id' => 'e1HnDt4r6jvH4ASu' ]
LV:I, TM: 2017-01-01 08:05:47, TAG: ##XLogger##, MSG: com.miui.cloudservice.sysbase.service.SimStateMonitorService::recheckSimId@SimStateMonitorService.java:196, thread:1--0, SIM_INFO{version=1, simId='null', lastCloudId='null', cloudIds=[], simIdReady=false}
LV:I, TM: 2017-01-01 08:05:47, TAG: ##XLogger##, MSG: com.miui.cloudservice.sysbase.service.SimStateMonitorService::recheckSimId@SimStateMonitorService.java:196, thread:1--1, SIM_INFO{version=1, simId='ZphP6pyvCR7E4FYU', lastCloudId='e1HnDt4r6jvH4ASu', cloudIds=[e1HnDt4r6jvH4ASu], simIdReady=false}
LV:I, TM: 2017-01-01 08:05:47, TAG: ##XLogger##, MSG: com.miui.cloudservice.sysbase.service.SimStateMonitorService::recheckSimId@SimStateMonitorService.java:205, thread:1--SIMID(1): ZphP6pyvCR7E4FYU. 
LV:I, TM: 2017-01-01 08:05:47, TAG: ##XLogger##, MSG: com.miui.cloudservice.sysbase.service.SimStateMonitorService::recheckSimId@SimStateMonitorService.java:211, thread:1--Broadcast SIMID ready. 
LV:I, TM: 2017-01-01 08:05:47, TAG: ##XLogger##, MSG: com.miui.cloudservice.sysbase.service.SimStateNotificationService::sendNotification@SimStateNotificationService.java:21, thread:1--Intent { act=com.xiaomi.X_SIM_SIMID_READY (has extras) } EXTRAS: [ 'slot_id' => '1'  'sim_id' => 'ZphP6pyvCR7E4FYU' ]
LV:I, TM: 2017-01-01 08:05:47, TAG: ##XLogger##, MSG: com.miui.cloudservice.sysbase.receiver.TelephonyStateChangeReceiver::onReceive@TelephonyStateChangeReceiver.java:18, thread:1--Intent { act=miui.android.intent.action.SIM_STATE_CHANGED flg=0x4000011 cmp=com.miui.cloudservice.sysbase/.receiver.TelephonyStateChangeReceiver (has extras) } EXTRAS: [ 'slot_id' => '1'  'subscription_id' => '2147483644'  'phone_id' => '1'  'phoneName' => 'Phone'  'reason' => 'null'  'ss' => 'NOT_READY'  'slot' => '1'  'phone' => '1'  'subscription' => '2147483644' ]
LV:I, TM: 2017-01-01 08:05:47, TAG: ##XLogger##, MSG: com.miui.cloudservice.sysbase.service.SimStateMonitorService::handleTelephonyStateChange@SimStateMonitorService.java:64, thread:1--Handle miui.android.intent.action.SIM_STATE_CHANGED. 
LV:I, TM: 2017-01-01 08:05:47, TAG: ##XLogger##, MSG: com.miui.cloudservice.sysbase.service.SimStateMonitorService::recheckSIMStatus@SimStateMonitorService.java:99, thread:1--Old SIM info: [SIM_INFO{version=1, simId='null', lastCloudId='null', cloudIds=[], simIdReady=false}, SIM_INFO{version=1, simId='ZphP6pyvCR7E4FYU', lastCloudId='e1HnDt4r6jvH4ASu', cloudIds=[e1HnDt4r6jvH4ASu], simIdReady=true}]. 
LV:I, TM: 2017-01-01 08:05:47, TAG: ##XLogger##, MSG: com.miui.cloudservice.sysbase.service.SimStateMonitorService::recheckSIMStatus@SimStateMonitorService.java:105, thread:1--SIM 0: state: 1, id: null. 
LV:I, TM: 2017-01-01 08:05:47, TAG: ##XLogger##, MSG: com.miui.cloudservice.sysbase.service.SimStateMonitorService::recheckSIMStatus@SimStateMonitorService.java:105, thread:1--SIM 1: state: 5, id: ZphP6pyvCR7E4FYU. 
LV:I, TM: 2017-01-01 08:05:47, TAG: ##XLogger##, MSG: com.miui.cloudservice.sysbase.service.SimStateMonitorService::recheckCloudId@SimStateMonitorService.java:149, thread:1--0, SIM_INFO{version=1, simId='null', lastCloudId='null', cloudIds=[], simIdReady=false}
LV:I, TM: 2017-01-01 08:05:47, TAG: ##XLogger##, MSG: com.miui.cloudservice.sysbase.service.SimStateMonitorService::recheckCloudId@SimStateMonitorService.java:149, thread:1--1, SIM_INFO{version=1, simId='ZphP6pyvCR7E4FYU', lastCloudId='e1HnDt4r6jvH4ASu', cloudIds=[e1HnDt4r6jvH4ASu], simIdReady=true}
LV:I, TM: 2017-01-01 08:05:47, TAG: ##XLogger##, MSG: com.miui.cloudservice.sysbase.service.SimStateMonitorService::recheckCloudId@SimStateMonitorService.java:157, thread:1--Cloud ID(SIM 1): e1HnDt4r6jvH4ASu. 
LV:I, TM: 2017-01-01 08:05:47, TAG: ##XLogger##, MSG: com.miui.cloudservice.sysbase.service.SimStateMonitorService::recheckSimId@SimStateMonitorService.java:196, thread:1--0, SIM_INFO{version=1, simId='null', lastCloudId='null', cloudIds=[], simIdReady=false}
LV:I, TM: 2017-01-01 08:05:47, TAG: ##XLogger##, MSG: com.miui.cloudservice.sysbase.service.SimStateMonitorService::recheckSimId@SimStateMonitorService.java:196, thread:1--1, SIM_INFO{version=1, simId='ZphP6pyvCR7E4FYU', lastCloudId='e1HnDt4r6jvH4ASu', cloudIds=[e1HnDt4r6jvH4ASu], simIdReady=true}
LV:I, TM: 2017-01-01 08:05:47, TAG: ##XLogger##, MSG: com.miui.cloudservice.sysbase.service.SimStateMonitorService::recheckSimId@SimStateMonitorService.java:205, thread:1--SIMID(1): ZphP6pyvCR7E4FYU. 
LV:I, TM: 2017-01-01 08:05:47, TAG: ##XLogger##, MSG: com.miui.cloudservice.sysbase.receiver.TelephonyStateChangeReceiver::onReceive@TelephonyStateChangeReceiver.java:18, thread:1--Intent { act=miui.android.intent.action.SIM_STATE_CHANGED flg=0x4000011 cmp=com.miui.cloudservice.sysbase/.receiver.TelephonyStateChangeReceiver (has extras) } EXTRAS: [ 'slot_id' => '0'  'subscription_id' => '2147483643'  'phone_id' => '0'  'phoneName' => 'Phone'  'reason' => 'null'  'ss' => 'ABSENT'  'slot' => '0'  'phone' => '0'  'subscription' => '2147483643' ]
LV:I, TM: 2017-01-01 08:05:47, TAG: ##XLogger##, MSG: com.miui.cloudservice.sysbase.service.SimStateMonitorService::handleTelephonyStateChange@SimStateMonitorService.java:64, thread:1--Handle miui.android.intent.action.SIM_STATE_CHANGED. 
LV:I, TM: 2017-01-01 08:05:47, TAG: ##XLogger##, MSG: com.miui.cloudservice.sysbase.service.SimStateMonitorService::recheckSIMStatus@SimStateMonitorService.java:99, thread:1--Old SIM info: [SIM_INFO{version=1, simId='null', lastCloudId='null', cloudIds=[], simIdReady=false}, SIM_INFO{version=1, simId='ZphP6pyvCR7E4FYU', lastCloudId='e1HnDt4r6jvH4ASu', cloudIds=[e1HnDt4r6jvH4ASu], simIdReady=true}]. 
LV:I, TM: 2017-01-01 08:05:47, TAG: ##XLogger##, MSG: com.miui.cloudservice.sysbase.service.SimStateMonitorService::recheckSIMStatus@SimStateMonitorService.java:105, thread:1--SIM 0: state: 1, id: null. 
LV:I, TM: 2017-01-01 08:05:47, TAG: ##XLogger##, MSG: com.miui.cloudservice.sysbase.service.SimStateMonitorService::recheckSIMStatus@SimStateMonitorService.java:105, thread:1--SIM 1: state: 5, id: ZphP6pyvCR7E4FYU. 
LV:I, TM: 2017-01-01 08:05:47, TAG: ##XLogger##, MSG: com.miui.cloudservice.sysbase.service.SimStateMonitorService::recheckCloudId@SimStateMonitorService.java:149, thread:1--0, SIM_INFO{version=1, simId='null', lastCloudId='null', cloudIds=[], simIdReady=false}
LV:I, TM: 2017-01-01 08:05:47, TAG: ##XLogger##, MSG: com.miui.cloudservice.sysbase.service.SimStateMonitorService::recheckCloudId@SimStateMonitorService.java:149, thread:1--1, SIM_INFO{version=1, simId='ZphP6pyvCR7E4FYU', lastCloudId='e1HnDt4r6jvH4ASu', cloudIds=[e1HnDt4r6jvH4ASu], simIdReady=true}
LV:I, TM: 2017-01-01 08:05:47, TAG: ##XLogger##, MSG: com.miui.cloudservice.sysbase.service.SimStateMonitorService::recheckCloudId@SimStateMonitorService.java:157, thread:1--Cloud ID(SIM 1): e1HnDt4r6jvH4ASu. 
LV:I, TM: 2017-01-01 08:05:47, TAG: ##XLogger##, MSG: com.miui.cloudservice.sysbase.service.SimStateMonitorService::recheckSimId@SimStateMonitorService.java:196, thread:1--0, SIM_INFO{version=1, simId='null', lastCloudId='null', cloudIds=[], simIdReady=false}
LV:I, TM: 2017-01-01 08:05:47, TAG: ##XLogger##, MSG: com.miui.cloudservice.sysbase.service.SimStateMonitorService::recheckSimId@SimStateMonitorService.java:196, thread:1--1, SIM_INFO{version=1, simId='ZphP6pyvCR7E4FYU', lastCloudId='e1HnDt4r6jvH4ASu', cloudIds=[e1HnDt4r6jvH4ASu], simIdReady=true}
LV:I, TM: 2017-01-01 08:05:47, TAG: ##XLogger##, MSG: com.miui.cloudservice.sysbase.service.SimStateMonitorService::recheckSimId@SimStateMonitorService.java:205, thread:1--SIMID(1): ZphP6pyvCR7E4FYU. 
LV:I, TM: 2017-01-01 08:05:47, TAG: ##XLogger##, MSG: com.miui.cloudservice.sysbase.receiver.TelephonyStateChangeReceiver::onReceive@TelephonyStateChangeReceiver.java:18, thread:1--Intent { act=miui.android.intent.action.SIM_STATE_CHANGED flg=0x4000011 cmp=com.miui.cloudservice.sysbase/.receiver.TelephonyStateChangeReceiver (has extras) } EXTRAS: [ 'slot_id' => '1'  'subscription_id' => '2147483644'  'phone_id' => '1'  'phoneName' => 'Phone'  'reason' => 'null'  'ss' => 'READY'  'slot' => '1'  'phone' => '1'  'subscription' => '2147483644' ]
LV:I, TM: 2017-01-01 08:05:47, TAG: ##XLogger##, MSG: com.miui.cloudservice.sysbase.service.SimStateMonitorService::handleTelephonyStateChange@SimStateMonitorService.java:64, thread:1--Handle miui.android.intent.action.SIM_STATE_CHANGED. 
LV:I, TM: 2017-01-01 08:05:47, TAG: ##XLogger##, MSG: com.miui.cloudservice.sysbase.service.SimStateMonitorService::recheckSIMStatus@SimStateMonitorService.java:99, thread:1--Old SIM info: [SIM_INFO{version=1, simId='null', lastCloudId='null', cloudIds=[], simIdReady=false}, SIM_INFO{version=1, simId='ZphP6pyvCR7E4FYU', lastCloudId='e1HnDt4r6jvH4ASu', cloudIds=[e1HnDt4r6jvH4ASu], simIdReady=true}]. 
LV:I, TM: 2017-01-01 08:05:47, TAG: ##XLogger##, MSG: com.miui.cloudservice.sysbase.service.SimStateMonitorService::recheckSIMStatus@SimStateMonitorService.java:105, thread:1--SIM 0: state: 1, id: null. 
LV:I, TM: 2017-01-01 08:05:47, TAG: ##XLogger##, MSG: com.miui.cloudservice.sysbase.service.SimStateMonitorService::recheckSIMStatus@SimStateMonitorService.java:105, thread:1--SIM 1: state: 5, id: ZphP6pyvCR7E4FYU. 
LV:I, TM: 2017-01-01 08:05:47, TAG: ##XLogger##, MSG: com.miui.cloudservice.sysbase.service.SimStateMonitorService::recheckCloudId@SimStateMonitorService.java:149, thread:1--0, SIM_INFO{version=1, simId='null', lastCloudId='null', cloudIds=[], simIdReady=false}
LV:I, TM: 2017-01-01 08:05:47, TAG: ##XLogger##, MSG: com.miui.cloudservice.sysbase.service.SimStateMonitorService::recheckCloudId@SimStateMonitorService.java:149, thread:1--1, SIM_INFO{version=1, simId='ZphP6pyvCR7E4FYU', lastCloudId='e1HnDt4r6jvH4ASu', cloudIds=[e1HnDt4r6jvH4ASu], simIdReady=true}
LV:I, TM: 2017-01-01 08:05:47, TAG: ##XLogger##, MSG: com.miui.cloudservice.sysbase.service.SimStateMonitorService::recheckCloudId@SimStateMonitorService.java:157, thread:1--Cloud ID(SIM 1): e1HnDt4r6jvH4ASu. 
LV:I, TM: 2017-01-01 08:05:48, TAG: ##XLogger##, MSG: com.miui.cloudservice.sysbase.service.SimStateMonitorService::recheckSimId@SimStateMonitorService.java:196, thread:1--0, SIM_INFO{version=1, simId='null', lastCloudId='null', cloudIds=[], simIdReady=false}
LV:I, TM: 2017-01-01 08:05:48, TAG: ##XLogger##, MSG: com.miui.cloudservice.sysbase.service.SimStateMonitorService::recheckSimId@SimStateMonitorService.java:196, thread:1--1, SIM_INFO{version=1, simId='ZphP6pyvCR7E4FYU', lastCloudId='e1HnDt4r6jvH4ASu', cloudIds=[e1HnDt4r6jvH4ASu], simIdReady=true}
LV:I, TM: 2017-01-01 08:05:48, TAG: ##XLogger##, MSG: com.miui.cloudservice.sysbase.service.SimStateMonitorService::recheckSimId@SimStateMonitorService.java:205, thread:1--SIMID(1): ZphP6pyvCR7E4FYU. 
LV:I, TM: 2017-01-01 08:05:48, TAG: ##XLogger##, MSG: com.miui.cloudservice.sysbase.receiver.TelephonyStateChangeReceiver::onReceive@TelephonyStateChangeReceiver.java:18, thread:1--Intent { act=miui.android.intent.action.SIM_STATE_CHANGED flg=0x4000011 cmp=com.miui.cloudservice.sysbase/.receiver.TelephonyStateChangeReceiver (has extras) } EXTRAS: [ 'slot_id' => '1'  'subscription_id' => '1'  'phone_id' => '1'  'phoneName' => 'Phone'  'reason' => 'null'  'ss' => 'IMSI'  'slot' => '1'  'phone' => '1'  'subscription' => '1' ]
LV:I, TM: 2017-01-01 08:05:48, TAG: ##XLogger##, MSG: com.miui.cloudservice.sysbase.service.SimStateMonitorService::handleTelephonyStateChange@SimStateMonitorService.java:64, thread:1--Handle miui.android.intent.action.SIM_STATE_CHANGED. 
LV:I, TM: 2017-01-01 08:05:48, TAG: ##XLogger##, MSG: com.miui.cloudservice.sysbase.service.SimStateMonitorService::recheckSIMStatus@SimStateMonitorService.java:99, thread:1--Old SIM info: [SIM_INFO{version=1, simId='null', lastCloudId='null', cloudIds=[], simIdReady=false}, SIM_INFO{version=1, simId='ZphP6pyvCR7E4FYU', lastCloudId='e1HnDt4r6jvH4ASu', cloudIds=[e1HnDt4r6jvH4ASu], simIdReady=true}]. 
LV:I, TM: 2017-01-01 08:05:48, TAG: ##XLogger##, MSG: com.miui.cloudservice.sysbase.service.SimStateMonitorService::recheckSIMStatus@SimStateMonitorService.java:105, thread:1--SIM 0: state: 1, id: null. 
LV:I, TM: 2017-01-01 08:05:48, TAG: ##XLogger##, MSG: com.miui.cloudservice.sysbase.service.SimStateMonitorService::recheckSIMStatus@SimStateMonitorService.java:105, thread:1--SIM 1: state: 5, id: ZphP6pyvCR7E4FYU. 
LV:I, TM: 2017-01-01 08:05:48, TAG: ##XLogger##, MSG: com.miui.cloudservice.sysbase.service.SimStateMonitorService::recheckCloudId@SimStateMonitorService.java:149, thread:1--0, SIM_INFO{version=1, simId='null', lastCloudId='null', cloudIds=[], simIdReady=false}
LV:I, TM: 2017-01-01 08:05:48, TAG: ##XLogger##, MSG: com.miui.cloudservice.sysbase.service.SimStateMonitorService::recheckCloudId@SimStateMonitorService.java:149, thread:1--1, SIM_INFO{version=1, simId='ZphP6pyvCR7E4FYU', lastCloudId='e1HnDt4r6jvH4ASu', cloudIds=[e1HnDt4r6jvH4ASu], simIdReady=true}
LV:I, TM: 2017-01-01 08:05:48, TAG: ##XLogger##, MSG: com.miui.cloudservice.sysbase.service.SimStateMonitorService::recheckCloudId@SimStateMonitorService.java:157, thread:1--Cloud ID(SIM 1): e1HnDt4r6jvH4ASu. 
LV:I, TM: 2017-01-01 08:05:48, TAG: ##XLogger##, MSG: com.miui.cloudservice.sysbase.service.SimStateMonitorService::recheckSimId@SimStateMonitorService.java:196, thread:1--0, SIM_INFO{version=1, simId='null', lastCloudId='null', cloudIds=[], simIdReady=false}
LV:I, TM: 2017-01-01 08:05:48, TAG: ##XLogger##, MSG: com.miui.cloudservice.sysbase.service.SimStateMonitorService::recheckSimId@SimStateMonitorService.java:196, thread:1--1, SIM_INFO{version=1, simId='ZphP6pyvCR7E4FYU', lastCloudId='e1HnDt4r6jvH4ASu', cloudIds=[e1HnDt4r6jvH4ASu], simIdReady=true}
LV:I, TM: 2017-01-01 08:05:48, TAG: ##XLogger##, MSG: com.miui.cloudservice.sysbase.service.SimStateMonitorService::recheckSimId@SimStateMonitorService.java:205, thread:1--SIMID(1): ZphP6pyvCR7E4FYU. 
LV:I, TM: 2017-01-01 08:05:48, TAG: ##XLogger##, MSG: com.miui.cloudservice.sysbase.receiver.TelephonyStateChangeReceiver::onReceive@TelephonyStateChangeReceiver.java:18, thread:1--Intent { act=miui.android.intent.action.SIM_STATE_CHANGED flg=0x4000011 cmp=com.miui.cloudservice.sysbase/.receiver.TelephonyStateChangeReceiver (has extras) } EXTRAS: [ 'slot_id' => '1'  'subscription_id' => '1'  'phone_id' => '1'  'phoneName' => 'Phone'  'reason' => 'null'  'ss' => 'LOADED'  'slot' => '1'  'phone' => '1'  'subscription' => '1' ]
LV:I, TM: 2017-01-01 08:05:48, TAG: ##XLogger##, MSG: com.miui.cloudservice.sysbase.service.SimStateMonitorService::handleTelephonyStateChange@SimStateMonitorService.java:64, thread:1--Handle miui.android.intent.action.SIM_STATE_CHANGED. 
LV:I, TM: 2017-01-01 08:05:48, TAG: ##XLogger##, MSG: com.miui.cloudservice.sysbase.service.SimStateMonitorService::recheckSIMStatus@SimStateMonitorService.java:99, thread:1--Old SIM info: [SIM_INFO{version=1, simId='null', lastCloudId='null', cloudIds=[], simIdReady=false}, SIM_INFO{version=1, simId='ZphP6pyvCR7E4FYU', lastCloudId='e1HnDt4r6jvH4ASu', cloudIds=[e1HnDt4r6jvH4ASu], simIdReady=true}]. 
LV:I, TM: 2017-01-01 08:05:48, TAG: ##XLogger##, MSG: com.miui.cloudservice.sysbase.service.SimStateMonitorService::recheckSIMStatus@SimStateMonitorService.java:105, thread:1--SIM 0: state: 1, id: null. 
LV:I, TM: 2017-01-01 08:05:48, TAG: ##XLogger##, MSG: com.miui.cloudservice.sysbase.service.SimStateMonitorService::recheckSIMStatus@SimStateMonitorService.java:105, thread:1--SIM 1: state: 5, id: ZphP6pyvCR7E4FYU. 
LV:I, TM: 2017-01-01 08:05:48, TAG: ##XLogger##, MSG: com.miui.cloudservice.sysbase.service.SimStateMonitorService::recheckCloudId@SimStateMonitorService.java:149, thread:1--0, SIM_INFO{version=1, simId='null', lastCloudId='null', cloudIds=[], simIdReady=false}
LV:I, TM: 2017-01-01 08:05:48, TAG: ##XLogger##, MSG: com.miui.cloudservice.sysbase.service.SimStateMonitorService::recheckCloudId@SimStateMonitorService.java:149, thread:1--1, SIM_INFO{version=1, simId='ZphP6pyvCR7E4FYU', lastCloudId='e1HnDt4r6jvH4ASu', cloudIds=[e1HnDt4r6jvH4ASu], simIdReady=true}
LV:I, TM: 2017-01-01 08:05:48, TAG: ##XLogger##, MSG: com.miui.cloudservice.sysbase.service.SimStateMonitorService::recheckCloudId@SimStateMonitorService.java:157, thread:1--Cloud ID(SIM 1): e1HnDt4r6jvH4ASu. 
LV:I, TM: 2017-01-01 08:05:48, TAG: ##XLogger##, MSG: com.miui.cloudservice.sysbase.service.SimStateMonitorService::recheckSimId@SimStateMonitorService.java:196, thread:1--0, SIM_INFO{version=1, simId='null', lastCloudId='null', cloudIds=[], simIdReady=false}
LV:I, TM: 2017-01-01 08:05:48, TAG: ##XLogger##, MSG: com.miui.cloudservice.sysbase.service.SimStateMonitorService::recheckSimId@SimStateMonitorService.java:196, thread:1--1, SIM_INFO{version=1, simId='ZphP6pyvCR7E4FYU', lastCloudId='e1HnDt4r6jvH4ASu', cloudIds=[e1HnDt4r6jvH4ASu], simIdReady=true}
LV:I, TM: 2017-01-01 08:05:48, TAG: ##XLogger##, MSG: com.miui.cloudservice.sysbase.service.SimStateMonitorService::recheckSimId@SimStateMonitorService.java:205, thread:1--SIMID(1): ZphP6pyvCR7E4FYU. 
LV:I, TM: 2022-07-07 17:45:31, TAG: ##XLogger##, MSG: com.miui.cloudservice.sysbase.receiver.TelephonyStateChangeReceiver::onReceive@TelephonyStateChangeReceiver.java:18, thread:1--Intent { act=miui.android.intent.action.SIM_STATE_CHANGED flg=0x4000011 cmp=com.miui.cloudservice.sysbase/.receiver.TelephonyStateChangeReceiver (has extras) } EXTRAS: [ 'slot_id' => '1'  'subscription_id' => '1'  'phone_id' => '1'  'phoneName' => 'Phone'  'reason' => 'null'  'ss' => 'LOADED'  'slot' => '1'  'phone' => '1'  'subscription' => '1' ]
LV:I, TM: 2022-07-07 17:45:31, TAG: ##XLogger##, MSG: com.miui.cloudservice.sysbase.service.SimStateMonitorService::handleTelephonyStateChange@SimStateMonitorService.java:64, thread:1--Handle miui.android.intent.action.SIM_STATE_CHANGED. 
LV:I, TM: 2022-07-07 17:45:31, TAG: ##XLogger##, MSG: com.miui.cloudservice.sysbase.service.SimStateMonitorService::recheckSIMStatus@SimStateMonitorService.java:99, thread:1--Old SIM info: [SIM_INFO{version=1, simId='null', lastCloudId='null', cloudIds=[], simIdReady=false}, SIM_INFO{version=1, simId='ZphP6pyvCR7E4FYU', lastCloudId='e1HnDt4r6jvH4ASu', cloudIds=[e1HnDt4r6jvH4ASu], simIdReady=true}]. 
LV:I, TM: 2022-07-07 17:45:31, TAG: ##XLogger##, MSG: com.miui.cloudservice.sysbase.service.SimStateMonitorService::recheckSIMStatus@SimStateMonitorService.java:105, thread:1--SIM 0: state: 1, id: null. 
LV:I, TM: 2022-07-07 17:45:31, TAG: ##XLogger##, MSG: com.miui.cloudservice.sysbase.service.SimStateMonitorService::recheckSIMStatus@SimStateMonitorService.java:105, thread:1--SIM 1: state: 5, id: ZphP6pyvCR7E4FYU. 
LV:I, TM: 2022-07-07 17:45:31, TAG: ##XLogger##, MSG: com.miui.cloudservice.sysbase.service.SimStateMonitorService::recheckCloudId@SimStateMonitorService.java:149, thread:1--0, SIM_INFO{version=1, simId='null', lastCloudId='null', cloudIds=[], simIdReady=false}
LV:I, TM: 2022-07-07 17:45:31, TAG: ##XLogger##, MSG: com.miui.cloudservice.sysbase.service.SimStateMonitorService::recheckCloudId@SimStateMonitorService.java:149, thread:1--1, SIM_INFO{version=1, simId='ZphP6pyvCR7E4FYU', lastCloudId='e1HnDt4r6jvH4ASu', cloudIds=[e1HnDt4r6jvH4ASu], simIdReady=true}
LV:I, TM: 2022-07-07 17:45:31, TAG: ##XLogger##, MSG: com.miui.cloudservice.sysbase.service.SimStateMonitorService::recheckCloudId@SimStateMonitorService.java:157, thread:1--Cloud ID(SIM 1): e1HnDt4r6jvH4ASu. 
LV:I, TM: 2022-07-07 17:45:31, TAG: ##XLogger##, MSG: com.miui.cloudservice.sysbase.service.SimStateMonitorService::recheckSimId@SimStateMonitorService.java:196, thread:1--0, SIM_INFO{version=1, simId='null', lastCloudId='null', cloudIds=[], simIdReady=false}
LV:I, TM: 2022-07-07 17:45:31, TAG: ##XLogger##, MSG: com.miui.cloudservice.sysbase.service.SimStateMonitorService::recheckSimId@SimStateMonitorService.java:196, thread:1--1, SIM_INFO{version=1, simId='ZphP6pyvCR7E4FYU', lastCloudId='e1HnDt4r6jvH4ASu', cloudIds=[e1HnDt4r6jvH4ASu], simIdReady=true}
LV:I, TM: 2022-07-07 17:45:31, TAG: ##XLogger##, MSG: com.miui.cloudservice.sysbase.service.SimStateMonitorService::recheckSimId@SimStateMonitorService.java:205, thread:1--SIMID(1): ZphP6pyvCR7E4FYU. 
LV:I, TM: 2022-07-07 19:15:00, TAG: ##XLogger##, MSG: com.miui.cloudservice.sysbase.receiver.TelephonyStateChangeReceiver::onReceive@TelephonyStateChangeReceiver.java:18, thread:1--Intent { act=miui.android.intent.action.SIM_STATE_CHANGED flg=0x4000011 cmp=com.miui.cloudservice.sysbase/.receiver.TelephonyStateChangeReceiver (has extras) } EXTRAS: [ 'slot_id' => '1'  'subscription_id' => '1'  'phone_id' => '1'  'phoneName' => 'Phone'  'reason' => 'null'  'ss' => 'ABSENT'  'slot' => '1'  'phone' => '1'  'subscription' => '1' ]
LV:I, TM: 2022-07-07 19:15:00, TAG: ##XLogger##, MSG: com.miui.cloudservice.sysbase.service.SimStateMonitorService::handleTelephonyStateChange@SimStateMonitorService.java:64, thread:1--Handle miui.android.intent.action.SIM_STATE_CHANGED. 
LV:I, TM: 2022-07-07 19:15:00, TAG: ##XLogger##, MSG: com.miui.cloudservice.sysbase.service.SimStateMonitorService::recheckSIMStatus@SimStateMonitorService.java:99, thread:1--Old SIM info: [SIM_INFO{version=1, simId='null', lastCloudId='null', cloudIds=[], simIdReady=false}, SIM_INFO{version=1, simId='ZphP6pyvCR7E4FYU', lastCloudId='e1HnDt4r6jvH4ASu', cloudIds=[e1HnDt4r6jvH4ASu], simIdReady=true}]. 
LV:I, TM: 2022-07-07 19:15:00, TAG: ##XLogger##, MSG: com.miui.cloudservice.sysbase.service.SimStateMonitorService::recheckSIMStatus@SimStateMonitorService.java:105, thread:1--SIM 0: state: 1, id: null. 
LV:I, TM: 2022-07-07 19:15:00, TAG: ##XLogger##, MSG: com.miui.cloudservice.sysbase.service.SimStateMonitorService::recheckSIMStatus@SimStateMonitorService.java:105, thread:1--SIM 1: state: 6, id: null. 
LV:I, TM: 2022-07-07 19:15:00, TAG: ##XLogger##, MSG: com.miui.cloudservice.sysbase.service.SimStateMonitorService::recheckCloudId@SimStateMonitorService.java:149, thread:1--0, SIM_INFO{version=1, simId='null', lastCloudId='null', cloudIds=[], simIdReady=false}
LV:I, TM: 2022-07-07 19:15:00, TAG: ##XLogger##, MSG: com.miui.cloudservice.sysbase.service.SimStateMonitorService::recheckCloudId@SimStateMonitorService.java:149, thread:1--1, SIM_INFO{version=1, simId='ZphP6pyvCR7E4FYU', lastCloudId='e1HnDt4r6jvH4ASu', cloudIds=[e1HnDt4r6jvH4ASu], simIdReady=true}
LV:I, TM: 2022-07-07 19:15:00, TAG: ##XLogger##, MSG: com.miui.cloudservice.sysbase.service.SimStateMonitorService::recheckCloudId@SimStateMonitorService.java:157, thread:1--Cloud ID(SIM 1): null. 
LV:I, TM: 2022-07-07 19:15:00, TAG: ##XLogger##, MSG: com.miui.cloudservice.sysbase.service.SimStateMonitorService::recheckSimId@SimStateMonitorService.java:196, thread:1--0, SIM_INFO{version=1, simId='null', lastCloudId='null', cloudIds=[], simIdReady=false}
LV:I, TM: 2022-07-07 19:15:00, TAG: ##XLogger##, MSG: com.miui.cloudservice.sysbase.service.SimStateMonitorService::recheckSimId@SimStateMonitorService.java:196, thread:1--1, SIM_INFO{version=1, simId='ZphP6pyvCR7E4FYU', lastCloudId='null', cloudIds=[e1HnDt4r6jvH4ASu], simIdReady=true}
LV:I, TM: 2022-07-07 19:15:00, TAG: ##XLogger##, MSG: com.miui.cloudservice.sysbase.service.SimStateMonitorService::recheckSimId@SimStateMonitorService.java:205, thread:1--SIMID(1): null. 
LV:I, TM: 2022-07-07 19:15:01, TAG: ##XLogger##, MSG: com.miui.cloudservice.sysbase.receiver.TelephonyStateChangeReceiver::onReceive@TelephonyStateChangeReceiver.java:18, thread:1--Intent { act=miui.android.intent.action.SIM_STATE_CHANGED flg=0x4000011 cmp=com.miui.cloudservice.sysbase/.receiver.TelephonyStateChangeReceiver (has extras) } EXTRAS: [ 'slot_id' => '1'  'subscription_id' => '2147483644'  'phone_id' => '1'  'phoneName' => 'Phone'  'reason' => 'null'  'ss' => 'NOT_READY'  'slot' => '1'  'phone' => '1'  'subscription' => '2147483644' ]
LV:I, TM: 2022-07-07 19:15:01, TAG: ##XLogger##, MSG: com.miui.cloudservice.sysbase.service.SimStateMonitorService::handleTelephonyStateChange@SimStateMonitorService.java:64, thread:1--Handle miui.android.intent.action.SIM_STATE_CHANGED. 
LV:I, TM: 2022-07-07 19:15:01, TAG: ##XLogger##, MSG: com.miui.cloudservice.sysbase.service.SimStateMonitorService::recheckSIMStatus@SimStateMonitorService.java:99, thread:1--Old SIM info: [SIM_INFO{version=1, simId='null', lastCloudId='null', cloudIds=[], simIdReady=false}, SIM_INFO{version=1, simId='ZphP6pyvCR7E4FYU', lastCloudId='null', cloudIds=[e1HnDt4r6jvH4ASu], simIdReady=false}]. 
LV:I, TM: 2022-07-07 19:15:01, TAG: ##XLogger##, MSG: com.miui.cloudservice.sysbase.service.SimStateMonitorService::recheckSIMStatus@SimStateMonitorService.java:105, thread:1--SIM 0: state: 1, id: null. 
LV:I, TM: 2022-07-07 19:15:01, TAG: ##XLogger##, MSG: com.miui.cloudservice.sysbase.service.SimStateMonitorService::recheckSIMStatus@SimStateMonitorService.java:105, thread:1--SIM 1: state: 5, id: ZphP6pyvCR7E4FYU. 
LV:I, TM: 2022-07-07 19:15:01, TAG: ##XLogger##, MSG: com.miui.cloudservice.sysbase.service.SimStateMonitorService::recheckCloudId@SimStateMonitorService.java:149, thread:1--0, SIM_INFO{version=1, simId='null', lastCloudId='null', cloudIds=[], simIdReady=false}
LV:I, TM: 2022-07-07 19:15:01, TAG: ##XLogger##, MSG: com.miui.cloudservice.sysbase.service.SimStateMonitorService::recheckCloudId@SimStateMonitorService.java:149, thread:1--1, SIM_INFO{version=1, simId='ZphP6pyvCR7E4FYU', lastCloudId='null', cloudIds=[e1HnDt4r6jvH4ASu], simIdReady=false}
LV:I, TM: 2022-07-07 19:15:01, TAG: ##XLogger##, MSG: com.miui.cloudservice.sysbase.service.SimStateMonitorService::recheckCloudId@SimStateMonitorService.java:157, thread:1--Cloud ID(SIM 1): e1HnDt4r6jvH4ASu. 
LV:I, TM: 2022-07-07 19:15:01, TAG: ##XLogger##, MSG: com.miui.cloudservice.sysbase.service.SimStateMonitorService::recheckCloudId@SimStateMonitorService.java:166, thread:1--Broadcast cloud ID changed. 
LV:I, TM: 2022-07-07 19:15:01, TAG: ##XLogger##, MSG: com.miui.cloudservice.sysbase.service.SimStateNotificationService::sendNotification@SimStateNotificationService.java:21, thread:1--Intent { act=com.xiaomi.X_SIM_CLOUDID_CHANGED (has extras) } EXTRAS: [ 'slot_id' => '1'  'cloud_id' => 'e1HnDt4r6jvH4ASu' ]
LV:I, TM: 2022-07-07 19:15:01, TAG: ##XLogger##, MSG: com.miui.cloudservice.sysbase.service.SimStateMonitorService::recheckSimId@SimStateMonitorService.java:196, thread:1--0, SIM_INFO{version=1, simId='null', lastCloudId='null', cloudIds=[], simIdReady=false}
LV:I, TM: 2022-07-07 19:15:01, TAG: ##XLogger##, MSG: com.miui.cloudservice.sysbase.service.SimStateMonitorService::recheckSimId@SimStateMonitorService.java:196, thread:1--1, SIM_INFO{version=1, simId='ZphP6pyvCR7E4FYU', lastCloudId='e1HnDt4r6jvH4ASu', cloudIds=[e1HnDt4r6jvH4ASu], simIdReady=false}
LV:I, TM: 2022-07-07 19:15:01, TAG: ##XLogger##, MSG: com.miui.cloudservice.sysbase.service.SimStateMonitorService::recheckSimId@SimStateMonitorService.java:205, thread:1--SIMID(1): ZphP6pyvCR7E4FYU. 
LV:I, TM: 2022-07-07 19:15:01, TAG: ##XLogger##, MSG: com.miui.cloudservice.sysbase.service.SimStateMonitorService::recheckSimId@SimStateMonitorService.java:211, thread:1--Broadcast SIMID ready. 
LV:I, TM: 2022-07-07 19:15:01, TAG: ##XLogger##, MSG: com.miui.cloudservice.sysbase.service.SimStateNotificationService::sendNotification@SimStateNotificationService.java:21, thread:1--Intent { act=com.xiaomi.X_SIM_SIMID_READY (has extras) } EXTRAS: [ 'slot_id' => '1'  'sim_id' => 'ZphP6pyvCR7E4FYU' ]
LV:I, TM: 2022-07-07 19:15:02, TAG: ##XLogger##, MSG: com.miui.cloudservice.sysbase.receiver.TelephonyStateChangeReceiver::onReceive@TelephonyStateChangeReceiver.java:18, thread:1--Intent { act=miui.android.intent.action.SIM_STATE_CHANGED flg=0x4000011 cmp=com.miui.cloudservice.sysbase/.receiver.TelephonyStateChangeReceiver (has extras) } EXTRAS: [ 'slot_id' => '1'  'subscription_id' => '1'  'phone_id' => '1'  'phoneName' => 'Phone'  'reason' => 'null'  'ss' => 'READY'  'slot' => '1'  'phone' => '1'  'subscription' => '1' ]
LV:I, TM: 2022-07-07 19:15:02, TAG: ##XLogger##, MSG: com.miui.cloudservice.sysbase.service.SimStateMonitorService::handleTelephonyStateChange@SimStateMonitorService.java:64, thread:1--Handle miui.android.intent.action.SIM_STATE_CHANGED. 
LV:I, TM: 2022-07-07 19:15:02, TAG: ##XLogger##, MSG: com.miui.cloudservice.sysbase.service.SimStateMonitorService::recheckSIMStatus@SimStateMonitorService.java:99, thread:1--Old SIM info: [SIM_INFO{version=1, simId='null', lastCloudId='null', cloudIds=[], simIdReady=false}, SIM_INFO{version=1, simId='ZphP6pyvCR7E4FYU', lastCloudId='e1HnDt4r6jvH4ASu', cloudIds=[e1HnDt4r6jvH4ASu], simIdReady=true}]. 
LV:I, TM: 2022-07-07 19:15:02, TAG: ##XLogger##, MSG: com.miui.cloudservice.sysbase.service.SimStateMonitorService::recheckSIMStatus@SimStateMonitorService.java:105, thread:1--SIM 0: state: 1, id: null. 
LV:I, TM: 2022-07-07 19:15:02, TAG: ##XLogger##, MSG: com.miui.cloudservice.sysbase.service.SimStateMonitorService::recheckSIMStatus@SimStateMonitorService.java:105, thread:1--SIM 1: state: 5, id: ZphP6pyvCR7E4FYU. 
LV:I, TM: 2022-07-07 19:15:02, TAG: ##XLogger##, MSG: com.miui.cloudservice.sysbase.service.SimStateMonitorService::recheckCloudId@SimStateMonitorService.java:149, thread:1--0, SIM_INFO{version=1, simId='null', lastCloudId='null', cloudIds=[], simIdReady=false}
LV:I, TM: 2022-07-07 19:15:02, TAG: ##XLogger##, MSG: com.miui.cloudservice.sysbase.service.SimStateMonitorService::recheckCloudId@SimStateMonitorService.java:149, thread:1--1, SIM_INFO{version=1, simId='ZphP6pyvCR7E4FYU', lastCloudId='e1HnDt4r6jvH4ASu', cloudIds=[e1HnDt4r6jvH4ASu], simIdReady=true}
LV:I, TM: 2022-07-07 19:15:02, TAG: ##XLogger##, MSG: com.miui.cloudservice.sysbase.service.SimStateMonitorService::recheckCloudId@SimStateMonitorService.java:157, thread:1--Cloud ID(SIM 1): e1HnDt4r6jvH4ASu. 
LV:I, TM: 2022-07-07 19:15:02, TAG: ##XLogger##, MSG: com.miui.cloudservice.sysbase.service.SimStateMonitorService::recheckSimId@SimStateMonitorService.java:196, thread:1--0, SIM_INFO{version=1, simId='null', lastCloudId='null', cloudIds=[], simIdReady=false}
LV:I, TM: 2022-07-07 19:15:02, TAG: ##XLogger##, MSG: com.miui.cloudservice.sysbase.service.SimStateMonitorService::recheckSimId@SimStateMonitorService.java:196, thread:1--1, SIM_INFO{version=1, simId='ZphP6pyvCR7E4FYU', lastCloudId='e1HnDt4r6jvH4ASu', cloudIds=[e1HnDt4r6jvH4ASu], simIdReady=true}
LV:I, TM: 2022-07-07 19:15:02, TAG: ##XLogger##, MSG: com.miui.cloudservice.sysbase.service.SimStateMonitorService::recheckSimId@SimStateMonitorService.java:205, thread:1--SIMID(1): ZphP6pyvCR7E4FYU. 
LV:I, TM: 2022-07-07 19:15:02, TAG: ##XLogger##, MSG: com.miui.cloudservice.sysbase.receiver.TelephonyStateChangeReceiver::onReceive@TelephonyStateChangeReceiver.java:18, thread:1--Intent { act=miui.android.intent.action.SIM_STATE_CHANGED flg=0x4000011 cmp=com.miui.cloudservice.sysbase/.receiver.TelephonyStateChangeReceiver (has extras) } EXTRAS: [ 'slot_id' => '1'  'subscription_id' => '1'  'phone_id' => '1'  'phoneName' => 'Phone'  'reason' => 'null'  'ss' => 'IMSI'  'slot' => '1'  'phone' => '1'  'subscription' => '1' ]
LV:I, TM: 2022-07-07 19:15:02, TAG: ##XLogger##, MSG: com.miui.cloudservice.sysbase.service.SimStateMonitorService::handleTelephonyStateChange@SimStateMonitorService.java:64, thread:1--Handle miui.android.intent.action.SIM_STATE_CHANGED. 
LV:I, TM: 2022-07-07 19:15:02, TAG: ##XLogger##, MSG: com.miui.cloudservice.sysbase.service.SimStateMonitorService::recheckSIMStatus@SimStateMonitorService.java:99, thread:1--Old SIM info: [SIM_INFO{version=1, simId='null', lastCloudId='null', cloudIds=[], simIdReady=false}, SIM_INFO{version=1, simId='ZphP6pyvCR7E4FYU', lastCloudId='e1HnDt4r6jvH4ASu', cloudIds=[e1HnDt4r6jvH4ASu], simIdReady=true}]. 
LV:I, TM: 2022-07-07 19:15:02, TAG: ##XLogger##, MSG: com.miui.cloudservice.sysbase.service.SimStateMonitorService::recheckSIMStatus@SimStateMonitorService.java:105, thread:1--SIM 0: state: 1, id: null. 
LV:I, TM: 2022-07-07 19:15:02, TAG: ##XLogger##, MSG: com.miui.cloudservice.sysbase.service.SimStateMonitorService::recheckSIMStatus@SimStateMonitorService.java:105, thread:1--SIM 1: state: 5, id: ZphP6pyvCR7E4FYU. 
LV:I, TM: 2022-07-07 19:15:02, TAG: ##XLogger##, MSG: com.miui.cloudservice.sysbase.service.SimStateMonitorService::recheckCloudId@SimStateMonitorService.java:149, thread:1--0, SIM_INFO{version=1, simId='null', lastCloudId='null', cloudIds=[], simIdReady=false}
LV:I, TM: 2022-07-07 19:15:02, TAG: ##XLogger##, MSG: com.miui.cloudservice.sysbase.service.SimStateMonitorService::recheckCloudId@SimStateMonitorService.java:149, thread:1--1, SIM_INFO{version=1, simId='ZphP6pyvCR7E4FYU', lastCloudId='e1HnDt4r6jvH4ASu', cloudIds=[e1HnDt4r6jvH4ASu], simIdReady=true}
LV:I, TM: 2022-07-07 19:15:02, TAG: ##XLogger##, MSG: com.miui.cloudservice.sysbase.service.SimStateMonitorService::recheckCloudId@SimStateMonitorService.java:157, thread:1--Cloud ID(SIM 1): e1HnDt4r6jvH4ASu. 
LV:I, TM: 2022-07-07 19:15:02, TAG: ##XLogger##, MSG: com.miui.cloudservice.sysbase.service.SimStateMonitorService::recheckSimId@SimStateMonitorService.java:196, thread:1--0, SIM_INFO{version=1, simId='null', lastCloudId='null', cloudIds=[], simIdReady=false}
LV:I, TM: 2022-07-07 19:15:02, TAG: ##XLogger##, MSG: com.miui.cloudservice.sysbase.service.SimStateMonitorService::recheckSimId@SimStateMonitorService.java:196, thread:1--1, SIM_INFO{version=1, simId='ZphP6pyvCR7E4FYU', lastCloudId='e1HnDt4r6jvH4ASu', cloudIds=[e1HnDt4r6jvH4ASu], simIdReady=true}
LV:I, TM: 2022-07-07 19:15:02, TAG: ##XLogger##, MSG: com.miui.cloudservice.sysbase.service.SimStateMonitorService::recheckSimId@SimStateMonitorService.java:205, thread:1--SIMID(1): ZphP6pyvCR7E4FYU. 
LV:I, TM: 2022-07-07 19:15:03, TAG: ##XLogger##, MSG: com.miui.cloudservice.sysbase.receiver.TelephonyStateChangeReceiver::onReceive@TelephonyStateChangeReceiver.java:18, thread:1--Intent { act=miui.android.intent.action.SIM_STATE_CHANGED flg=0x4000011 cmp=com.miui.cloudservice.sysbase/.receiver.TelephonyStateChangeReceiver (has extras) } EXTRAS: [ 'slot_id' => '1'  'subscription_id' => '1'  'phone_id' => '1'  'phoneName' => 'Phone'  'reason' => 'null'  'ss' => 'LOADED'  'slot' => '1'  'phone' => '1'  'subscription' => '1' ]
LV:I, TM: 2022-07-07 19:15:03, TAG: ##XLogger##, MSG: com.miui.cloudservice.sysbase.service.SimStateMonitorService::handleTelephonyStateChange@SimStateMonitorService.java:64, thread:1--Handle miui.android.intent.action.SIM_STATE_CHANGED. 
LV:I, TM: 2022-07-07 19:15:03, TAG: ##XLogger##, MSG: com.miui.cloudservice.sysbase.service.SimStateMonitorService::recheckSIMStatus@SimStateMonitorService.java:99, thread:1--Old SIM info: [SIM_INFO{version=1, simId='null', lastCloudId='null', cloudIds=[], simIdReady=false}, SIM_INFO{version=1, simId='ZphP6pyvCR7E4FYU', lastCloudId='e1HnDt4r6jvH4ASu', cloudIds=[e1HnDt4r6jvH4ASu], simIdReady=true}]. 
LV:I, TM: 2022-07-07 19:15:03, TAG: ##XLogger##, MSG: com.miui.cloudservice.sysbase.service.SimStateMonitorService::recheckSIMStatus@SimStateMonitorService.java:105, thread:1--SIM 0: state: 1, id: null. 
LV:I, TM: 2022-07-07 19:15:03, TAG: ##XLogger##, MSG: com.miui.cloudservice.sysbase.service.SimStateMonitorService::recheckSIMStatus@SimStateMonitorService.java:105, thread:1--SIM 1: state: 5, id: ZphP6pyvCR7E4FYU. 
LV:I, TM: 2022-07-07 19:15:03, TAG: ##XLogger##, MSG: com.miui.cloudservice.sysbase.service.SimStateMonitorService::recheckCloudId@SimStateMonitorService.java:149, thread:1--0, SIM_INFO{version=1, simId='null', lastCloudId='null', cloudIds=[], simIdReady=false}
LV:I, TM: 2022-07-07 19:15:03, TAG: ##XLogger##, MSG: com.miui.cloudservice.sysbase.service.SimStateMonitorService::recheckCloudId@SimStateMonitorService.java:149, thread:1--1, SIM_INFO{version=1, simId='ZphP6pyvCR7E4FYU', lastCloudId='e1HnDt4r6jvH4ASu', cloudIds=[e1HnDt4r6jvH4ASu], simIdReady=true}
LV:I, TM: 2022-07-07 19:15:03, TAG: ##XLogger##, MSG: com.miui.cloudservice.sysbase.service.SimStateMonitorService::recheckCloudId@SimStateMonitorService.java:157, thread:1--Cloud ID(SIM 1): e1HnDt4r6jvH4ASu. 
LV:I, TM: 2022-07-07 19:15:03, TAG: ##XLogger##, MSG: com.miui.cloudservice.sysbase.service.SimStateMonitorService::recheckSimId@SimStateMonitorService.java:196, thread:1--0, SIM_INFO{version=1, simId='null', lastCloudId='null', cloudIds=[], simIdReady=false}
LV:I, TM: 2022-07-07 19:15:03, TAG: ##XLogger##, MSG: com.miui.cloudservice.sysbase.service.SimStateMonitorService::recheckSimId@SimStateMonitorService.java:196, thread:1--1, SIM_INFO{version=1, simId='ZphP6pyvCR7E4FYU', lastCloudId='e1HnDt4r6jvH4ASu', cloudIds=[e1HnDt4r6jvH4ASu], simIdReady=true}
LV:I, TM: 2022-07-07 19:15:03, TAG: ##XLogger##, MSG: com.miui.cloudservice.sysbase.service.SimStateMonitorService::recheckSimId@SimStateMonitorService.java:205, thread:1--SIMID(1): ZphP6pyvCR7E4FYU. 
LV:I, TM: 2022-07-08 17:59:55, TAG: ##XLogger##, MSG: com.miui.cloudservice.sysbase.receiver.TelephonyStateChangeReceiver::onReceive@TelephonyStateChangeReceiver.java:18, thread:1--Intent { act=miui.android.intent.action.SIM_STATE_CHANGED flg=0x4000011 cmp=com.miui.cloudservice.sysbase/.receiver.TelephonyStateChangeReceiver (has extras) } EXTRAS: [ 'slot_id' => '1'  'subscription_id' => '1'  'phone_id' => '1'  'phoneName' => 'Phone'  'reason' => 'null'  'ss' => 'IMSI'  'slot' => '1'  'phone' => '1'  'subscription' => '1' ]
LV:I, TM: 2022-07-08 17:59:55, TAG: ##XLogger##, MSG: com.miui.cloudservice.sysbase.service.SimStateMonitorService::handleTelephonyStateChange@SimStateMonitorService.java:64, thread:1--Handle miui.android.intent.action.SIM_STATE_CHANGED. 
LV:I, TM: 2022-07-08 17:59:56, TAG: ##XLogger##, MSG: com.miui.cloudservice.sysbase.service.SimStateMonitorService::recheckSIMStatus@SimStateMonitorService.java:99, thread:1--Old SIM info: [SIM_INFO{version=1, simId='null', lastCloudId='null', cloudIds=[], simIdReady=false}, SIM_INFO{version=1, simId='ZphP6pyvCR7E4FYU', lastCloudId='e1HnDt4r6jvH4ASu', cloudIds=[e1HnDt4r6jvH4ASu], simIdReady=true}]. 
LV:I, TM: 2022-07-08 17:59:56, TAG: ##XLogger##, MSG: com.miui.cloudservice.sysbase.service.SimStateMonitorService::recheckSIMStatus@SimStateMonitorService.java:105, thread:1--SIM 0: state: 1, id: null. 
LV:I, TM: 2022-07-08 17:59:56, TAG: ##XLogger##, MSG: com.miui.cloudservice.sysbase.service.SimStateMonitorService::recheckSIMStatus@SimStateMonitorService.java:105, thread:1--SIM 1: state: 5, id: ZphP6pyvCR7E4FYU. 
LV:I, TM: 2022-07-08 17:59:56, TAG: ##XLogger##, MSG: com.miui.cloudservice.sysbase.service.SimStateMonitorService::recheckCloudId@SimStateMonitorService.java:149, thread:1--0, SIM_INFO{version=1, simId='null', lastCloudId='null', cloudIds=[], simIdReady=false}
LV:I, TM: 2022-07-08 17:59:56, TAG: ##XLogger##, MSG: com.miui.cloudservice.sysbase.service.SimStateMonitorService::recheckCloudId@SimStateMonitorService.java:149, thread:1--1, SIM_INFO{version=1, simId='ZphP6pyvCR7E4FYU', lastCloudId='e1HnDt4r6jvH4ASu', cloudIds=[e1HnDt4r6jvH4ASu], simIdReady=true}
LV:I, TM: 2022-07-08 17:59:56, TAG: ##XLogger##, MSG: com.miui.cloudservice.sysbase.service.SimStateMonitorService::recheckCloudId@SimStateMonitorService.java:157, thread:1--Cloud ID(SIM 1): e1HnDt4r6jvH4ASu. 
LV:I, TM: 2022-07-08 17:59:56, TAG: ##XLogger##, MSG: com.miui.cloudservice.sysbase.service.SimStateMonitorService::recheckSimId@SimStateMonitorService.java:196, thread:1--0, SIM_INFO{version=1, simId='null', lastCloudId='null', cloudIds=[], simIdReady=false}
LV:I, TM: 2022-07-08 17:59:56, TAG: ##XLogger##, MSG: com.miui.cloudservice.sysbase.service.SimStateMonitorService::recheckSimId@SimStateMonitorService.java:196, thread:1--1, SIM_INFO{version=1, simId='ZphP6pyvCR7E4FYU', lastCloudId='e1HnDt4r6jvH4ASu', cloudIds=[e1HnDt4r6jvH4ASu], simIdReady=true}
LV:I, TM: 2022-07-08 17:59:56, TAG: ##XLogger##, MSG: com.miui.cloudservice.sysbase.service.SimStateMonitorService::recheckSimId@SimStateMonitorService.java:205, thread:1--SIMID(1): ZphP6pyvCR7E4FYU. 
LV:I, TM: 2022-07-08 17:59:56, TAG: ##XLogger##, MSG: com.miui.cloudservice.sysbase.receiver.TelephonyStateChangeReceiver::onReceive@TelephonyStateChangeReceiver.java:18, thread:1--Intent { act=miui.android.intent.action.SIM_STATE_CHANGED flg=0x4000011 cmp=com.miui.cloudservice.sysbase/.receiver.TelephonyStateChangeReceiver (has extras) } EXTRAS: [ 'slot_id' => '0'  'subscription_id' => '2147483643'  'phone_id' => '0'  'phoneName' => 'Phone'  'reason' => 'null'  'ss' => 'ABSENT'  'slot' => '0'  'phone' => '0'  'subscription' => '2147483643' ]
LV:I, TM: 2022-07-08 17:59:56, TAG: ##XLogger##, MSG: com.miui.cloudservice.sysbase.service.SimStateMonitorService::handleTelephonyStateChange@SimStateMonitorService.java:64, thread:1--Handle miui.android.intent.action.SIM_STATE_CHANGED. 
LV:I, TM: 2022-07-08 17:59:56, TAG: ##XLogger##, MSG: com.miui.cloudservice.sysbase.service.SimStateMonitorService::recheckSIMStatus@SimStateMonitorService.java:99, thread:1--Old SIM info: [SIM_INFO{version=1, simId='null', lastCloudId='null', cloudIds=[], simIdReady=false}, SIM_INFO{version=1, simId='ZphP6pyvCR7E4FYU', lastCloudId='e1HnDt4r6jvH4ASu', cloudIds=[e1HnDt4r6jvH4ASu], simIdReady=true}]. 
LV:I, TM: 2022-07-08 17:59:56, TAG: ##XLogger##, MSG: com.miui.cloudservice.sysbase.service.SimStateMonitorService::recheckSIMStatus@SimStateMonitorService.java:105, thread:1--SIM 0: state: 1, id: null. 
LV:I, TM: 2022-07-08 17:59:56, TAG: ##XLogger##, MSG: com.miui.cloudservice.sysbase.service.SimStateMonitorService::recheckSIMStatus@SimStateMonitorService.java:105, thread:1--SIM 1: state: 5, id: ZphP6pyvCR7E4FYU. 
LV:I, TM: 2022-07-08 17:59:56, TAG: ##XLogger##, MSG: com.miui.cloudservice.sysbase.service.SimStateMonitorService::recheckCloudId@SimStateMonitorService.java:149, thread:1--0, SIM_INFO{version=1, simId='null', lastCloudId='null', cloudIds=[], simIdReady=false}
LV:I, TM: 2022-07-08 17:59:56, TAG: ##XLogger##, MSG: com.miui.cloudservice.sysbase.service.SimStateMonitorService::recheckCloudId@SimStateMonitorService.java:149, thread:1--1, SIM_INFO{version=1, simId='ZphP6pyvCR7E4FYU', lastCloudId='e1HnDt4r6jvH4ASu', cloudIds=[e1HnDt4r6jvH4ASu], simIdReady=true}
LV:I, TM: 2022-07-08 17:59:56, TAG: ##XLogger##, MSG: com.miui.cloudservice.sysbase.service.SimStateMonitorService::recheckCloudId@SimStateMonitorService.java:157, thread:1--Cloud ID(SIM 1): e1HnDt4r6jvH4ASu. 
LV:I, TM: 2022-07-08 17:59:56, TAG: ##XLogger##, MSG: com.miui.cloudservice.sysbase.service.SimStateMonitorService::recheckSimId@SimStateMonitorService.java:196, thread:1--0, SIM_INFO{version=1, simId='null', lastCloudId='null', cloudIds=[], simIdReady=false}
LV:I, TM: 2022-07-08 17:59:56, TAG: ##XLogger##, MSG: com.miui.cloudservice.sysbase.service.SimStateMonitorService::recheckSimId@SimStateMonitorService.java:196, thread:1--1, SIM_INFO{version=1, simId='ZphP6pyvCR7E4FYU', lastCloudId='e1HnDt4r6jvH4ASu', cloudIds=[e1HnDt4r6jvH4ASu], simIdReady=true}
LV:I, TM: 2022-07-08 17:59:56, TAG: ##XLogger##, MSG: com.miui.cloudservice.sysbase.service.SimStateMonitorService::recheckSimId@SimStateMonitorService.java:205, thread:1--SIMID(1): ZphP6pyvCR7E4FYU. 
LV:I, TM: 2022-07-08 17:59:56, TAG: ##XLogger##, MSG: com.miui.cloudservice.sysbase.receiver.TelephonyStateChangeReceiver::onReceive@TelephonyStateChangeReceiver.java:18, thread:1--Intent { act=miui.android.intent.action.SIM_STATE_CHANGED flg=0x4000011 cmp=com.miui.cloudservice.sysbase/.receiver.TelephonyStateChangeReceiver (has extras) } EXTRAS: [ 'slot_id' => '1'  'subscription_id' => '1'  'phone_id' => '1'  'phoneName' => 'Phone'  'reason' => 'null'  'ss' => 'IMSI'  'slot' => '1'  'phone' => '1'  'subscription' => '1' ]
LV:I, TM: 2022-07-08 17:59:56, TAG: ##XLogger##, MSG: com.miui.cloudservice.sysbase.service.SimStateMonitorService::handleTelephonyStateChange@SimStateMonitorService.java:64, thread:1--Handle miui.android.intent.action.SIM_STATE_CHANGED. 
LV:I, TM: 2022-07-08 17:59:56, TAG: ##XLogger##, MSG: com.miui.cloudservice.sysbase.service.SimStateMonitorService::recheckSIMStatus@SimStateMonitorService.java:99, thread:1--Old SIM info: [SIM_INFO{version=1, simId='null', lastCloudId='null', cloudIds=[], simIdReady=false}, SIM_INFO{version=1, simId='ZphP6pyvCR7E4FYU', lastCloudId='e1HnDt4r6jvH4ASu', cloudIds=[e1HnDt4r6jvH4ASu], simIdReady=true}]. 
LV:I, TM: 2022-07-08 17:59:56, TAG: ##XLogger##, MSG: com.miui.cloudservice.sysbase.service.SimStateMonitorService::recheckSIMStatus@SimStateMonitorService.java:105, thread:1--SIM 0: state: 1, id: null. 
LV:I, TM: 2022-07-08 17:59:56, TAG: ##XLogger##, MSG: com.miui.cloudservice.sysbase.service.SimStateMonitorService::recheckSIMStatus@SimStateMonitorService.java:105, thread:1--SIM 1: state: 5, id: ZphP6pyvCR7E4FYU. 
LV:I, TM: 2022-07-08 17:59:56, TAG: ##XLogger##, MSG: com.miui.cloudservice.sysbase.service.SimStateMonitorService::recheckCloudId@SimStateMonitorService.java:149, thread:1--0, SIM_INFO{version=1, simId='null', lastCloudId='null', cloudIds=[], simIdReady=false}
LV:I, TM: 2022-07-08 17:59:56, TAG: ##XLogger##, MSG: com.miui.cloudservice.sysbase.service.SimStateMonitorService::recheckCloudId@SimStateMonitorService.java:149, thread:1--1, SIM_INFO{version=1, simId='ZphP6pyvCR7E4FYU', lastCloudId='e1HnDt4r6jvH4ASu', cloudIds=[e1HnDt4r6jvH4ASu], simIdReady=true}
LV:I, TM: 2022-07-08 17:59:56, TAG: ##XLogger##, MSG: com.miui.cloudservice.sysbase.service.SimStateMonitorService::recheckCloudId@SimStateMonitorService.java:157, thread:1--Cloud ID(SIM 1): e1HnDt4r6jvH4ASu. 
LV:I, TM: 2022-07-08 17:59:56, TAG: ##XLogger##, MSG: com.miui.cloudservice.sysbase.service.SimStateMonitorService::recheckSimId@SimStateMonitorService.java:196, thread:1--0, SIM_INFO{version=1, simId='null', lastCloudId='null', cloudIds=[], simIdReady=false}
LV:I, TM: 2022-07-08 17:59:56, TAG: ##XLogger##, MSG: com.miui.cloudservice.sysbase.service.SimStateMonitorService::recheckSimId@SimStateMonitorService.java:196, thread:1--1, SIM_INFO{version=1, simId='ZphP6pyvCR7E4FYU', lastCloudId='e1HnDt4r6jvH4ASu', cloudIds=[e1HnDt4r6jvH4ASu], simIdReady=true}
LV:I, TM: 2022-07-08 17:59:56, TAG: ##XLogger##, MSG: com.miui.cloudservice.sysbase.service.SimStateMonitorService::recheckSimId@SimStateMonitorService.java:205, thread:1--SIMID(1): ZphP6pyvCR7E4FYU. 
LV:I, TM: 2022-07-08 17:59:56, TAG: ##XLogger##, MSG: com.miui.cloudservice.sysbase.receiver.TelephonyStateChangeReceiver::onReceive@TelephonyStateChangeReceiver.java:18, thread:1--Intent { act=miui.android.intent.action.SIM_STATE_CHANGED flg=0x4000011 cmp=com.miui.cloudservice.sysbase/.receiver.TelephonyStateChangeReceiver (has extras) } EXTRAS: [ 'slot_id' => '1'  'subscription_id' => '1'  'phone_id' => '1'  'phoneName' => 'Phone'  'reason' => 'null'  'ss' => 'LOADED'  'slot' => '1'  'phone' => '1'  'subscription' => '1' ]
LV:I, TM: 2022-07-08 17:59:56, TAG: ##XLogger##, MSG: com.miui.cloudservice.sysbase.service.SimStateMonitorService::handleTelephonyStateChange@SimStateMonitorService.java:64, thread:1--Handle miui.android.intent.action.SIM_STATE_CHANGED. 
LV:I, TM: 2022-07-08 17:59:56, TAG: ##XLogger##, MSG: com.miui.cloudservice.sysbase.service.SimStateMonitorService::recheckSIMStatus@SimStateMonitorService.java:99, thread:1--Old SIM info: [SIM_INFO{version=1, simId='null', lastCloudId='null', cloudIds=[], simIdReady=false}, SIM_INFO{version=1, simId='ZphP6pyvCR7E4FYU', lastCloudId='e1HnDt4r6jvH4ASu', cloudIds=[e1HnDt4r6jvH4ASu], simIdReady=true}]. 
LV:I, TM: 2022-07-08 17:59:56, TAG: ##XLogger##, MSG: com.miui.cloudservice.sysbase.service.SimStateMonitorService::recheckSIMStatus@SimStateMonitorService.java:105, thread:1--SIM 0: state: 1, id: null. 
LV:I, TM: 2022-07-08 17:59:56, TAG: ##XLogger##, MSG: com.miui.cloudservice.sysbase.service.SimStateMonitorService::recheckSIMStatus@SimStateMonitorService.java:105, thread:1--SIM 1: state: 5, id: ZphP6pyvCR7E4FYU. 
LV:I, TM: 2022-07-08 17:59:56, TAG: ##XLogger##, MSG: com.miui.cloudservice.sysbase.service.SimStateMonitorService::recheckCloudId@SimStateMonitorService.java:149, thread:1--0, SIM_INFO{version=1, simId='null', lastCloudId='null', cloudIds=[], simIdReady=false}
LV:I, TM: 2022-07-08 17:59:56, TAG: ##XLogger##, MSG: com.miui.cloudservice.sysbase.service.SimStateMonitorService::recheckCloudId@SimStateMonitorService.java:149, thread:1--1, SIM_INFO{version=1, simId='ZphP6pyvCR7E4FYU', lastCloudId='e1HnDt4r6jvH4ASu', cloudIds=[e1HnDt4r6jvH4ASu], simIdReady=true}
LV:I, TM: 2022-07-08 17:59:56, TAG: ##XLogger##, MSG: com.miui.cloudservice.sysbase.service.SimStateMonitorService::recheckCloudId@SimStateMonitorService.java:157, thread:1--Cloud ID(SIM 1): e1HnDt4r6jvH4ASu. 
LV:I, TM: 2022-07-08 17:59:56, TAG: ##XLogger##, MSG: com.miui.cloudservice.sysbase.service.SimStateMonitorService::recheckSimId@SimStateMonitorService.java:196, thread:1--0, SIM_INFO{version=1, simId='null', lastCloudId='null', cloudIds=[], simIdReady=false}
LV:I, TM: 2022-07-08 17:59:56, TAG: ##XLogger##, MSG: com.miui.cloudservice.sysbase.service.SimStateMonitorService::recheckSimId@SimStateMonitorService.java:196, thread:1--1, SIM_INFO{version=1, simId='ZphP6pyvCR7E4FYU', lastCloudId='e1HnDt4r6jvH4ASu', cloudIds=[e1HnDt4r6jvH4ASu], simIdReady=true}
LV:I, TM: 2022-07-08 17:59:56, TAG: ##XLogger##, MSG: com.miui.cloudservice.sysbase.service.SimStateMonitorService::recheckSimId@SimStateMonitorService.java:205, thread:1--SIMID(1): ZphP6pyvCR7E4FYU. 
LV:I, TM: 2022-07-09 01:02:29, TAG: ##XLogger##, MSG: com.miui.cloudservice.sysbase.receiver.TelephonyStateChangeReceiver::onReceive@TelephonyStateChangeReceiver.java:18, thread:1--Intent { act=miui.android.intent.action.SIM_STATE_CHANGED flg=0x4000011 cmp=com.miui.cloudservice.sysbase/.receiver.TelephonyStateChangeReceiver (has extras) } EXTRAS: [ 'slot_id' => '0'  'subscription_id' => '2147483643'  'phone_id' => '0'  'phoneName' => 'Phone'  'reason' => 'null'  'ss' => 'NOT_READY'  'slot' => '0'  'phone' => '0'  'subscription' => '2147483643' ]
LV:I, TM: 2022-07-09 01:02:29, TAG: ##XLogger##, MSG: com.miui.cloudservice.sysbase.service.SimStateMonitorService::handleTelephonyStateChange@SimStateMonitorService.java:64, thread:1--Handle miui.android.intent.action.SIM_STATE_CHANGED. 
LV:I, TM: 2022-07-09 01:02:29, TAG: ##XLogger##, MSG: com.miui.cloudservice.sysbase.service.SimStateMonitorService::recheckSIMStatus@SimStateMonitorService.java:99, thread:1--Old SIM info: [SIM_INFO{version=1, simId='null', lastCloudId='null', cloudIds=[], simIdReady=false}, SIM_INFO{version=1, simId='ZphP6pyvCR7E4FYU', lastCloudId='e1HnDt4r6jvH4ASu', cloudIds=[e1HnDt4r6jvH4ASu], simIdReady=true}]. 
LV:I, TM: 2022-07-09 01:02:29, TAG: ##XLogger##, MSG: com.miui.cloudservice.sysbase.service.SimStateMonitorService::recheckSIMStatus@SimStateMonitorService.java:105, thread:1--SIM 0: state: 6, id: null. 
LV:I, TM: 2022-07-09 01:02:29, TAG: ##XLogger##, MSG: com.miui.cloudservice.sysbase.service.SimStateMonitorService::recheckSIMStatus@SimStateMonitorService.java:105, thread:1--SIM 1: state: 1, id: null. 
LV:I, TM: 2022-07-09 01:02:29, TAG: ##XLogger##, MSG: com.miui.cloudservice.sysbase.service.SimStateMonitorService::recheckSIMStatus@SimStateMonitorService.java:109, thread:1--Broadcast removed. 
LV:I, TM: 2022-07-09 01:02:29, TAG: ##XLogger##, MSG: com.miui.cloudservice.sysbase.service.SimStateNotificationService::sendNotification@SimStateNotificationService.java:21, thread:1--Intent { act=com.xiaomi.X_SIM_REMOVED (has extras) } EXTRAS: [ 'slot_id' => '1' ]
LV:I, TM: 2022-07-09 01:02:29, TAG: ##XLogger##, MSG: com.miui.cloudservice.sysbase.service.SimStateMonitorService::recheckCloudId@SimStateMonitorService.java:149, thread:1--0, SIM_INFO{version=1, simId='null', lastCloudId='null', cloudIds=[], simIdReady=false}
LV:I, TM: 2022-07-09 01:02:29, TAG: ##XLogger##, MSG: com.miui.cloudservice.sysbase.service.SimStateMonitorService::recheckCloudId@SimStateMonitorService.java:149, thread:1--1, SIM_INFO{version=1, simId='null', lastCloudId='null', cloudIds=[], simIdReady=false}
LV:I, TM: 2022-07-09 01:02:29, TAG: ##XLogger##, MSG: com.miui.cloudservice.sysbase.service.SimStateMonitorService::recheckSimId@SimStateMonitorService.java:196, thread:1--0, SIM_INFO{version=1, simId='null', lastCloudId='null', cloudIds=[], simIdReady=false}
LV:I, TM: 2022-07-09 01:02:29, TAG: ##XLogger##, MSG: com.miui.cloudservice.sysbase.service.SimStateMonitorService::recheckSimId@SimStateMonitorService.java:196, thread:1--1, SIM_INFO{version=1, simId='null', lastCloudId='null', cloudIds=[], simIdReady=false}
LV:I, TM: 2022-07-09 01:02:29, TAG: ##XLogger##, MSG: com.miui.cloudservice.sysbase.receiver.TelephonyStateChangeReceiver::onReceive@TelephonyStateChangeReceiver.java:18, thread:1--Intent { act=miui.android.intent.action.SIM_STATE_CHANGED flg=0x4000011 cmp=com.miui.cloudservice.sysbase/.receiver.TelephonyStateChangeReceiver (has extras) } EXTRAS: [ 'slot_id' => '1'  'subscription_id' => '1'  'phone_id' => '1'  'phoneName' => 'Phone'  'reason' => 'null'  'ss' => 'NOT_READY'  'slot' => '1'  'phone' => '1'  'subscription' => '1' ]
LV:I, TM: 2022-07-09 01:02:29, TAG: ##XLogger##, MSG: com.miui.cloudservice.sysbase.service.SimStateMonitorService::handleTelephonyStateChange@SimStateMonitorService.java:64, thread:1--Handle miui.android.intent.action.SIM_STATE_CHANGED. 
LV:I, TM: 2022-07-09 01:02:29, TAG: ##XLogger##, MSG: com.miui.cloudservice.sysbase.service.SimStateMonitorService::recheckSIMStatus@SimStateMonitorService.java:99, thread:1--Old SIM info: [SIM_INFO{version=1, simId='null', lastCloudId='null', cloudIds=[], simIdReady=false}, SIM_INFO{version=1, simId='null', lastCloudId='null', cloudIds=[], simIdReady=false}]. 
LV:I, TM: 2022-07-09 01:02:29, TAG: ##XLogger##, MSG: com.miui.cloudservice.sysbase.service.SimStateMonitorService::recheckSIMStatus@SimStateMonitorService.java:105, thread:1--SIM 0: state: 6, id: null. 
LV:I, TM: 2022-07-09 01:02:29, TAG: ##XLogger##, MSG: com.miui.cloudservice.sysbase.service.SimStateMonitorService::recheckSIMStatus@SimStateMonitorService.java:105, thread:1--SIM 1: state: 1, id: null. 
LV:I, TM: 2022-07-09 01:02:29, TAG: ##XLogger##, MSG: com.miui.cloudservice.sysbase.service.SimStateMonitorService::recheckCloudId@SimStateMonitorService.java:149, thread:1--0, SIM_INFO{version=1, simId='null', lastCloudId='null', cloudIds=[], simIdReady=false}
LV:I, TM: 2022-07-09 01:02:29, TAG: ##XLogger##, MSG: com.miui.cloudservice.sysbase.service.SimStateMonitorService::recheckCloudId@SimStateMonitorService.java:149, thread:1--1, SIM_INFO{version=1, simId='null', lastCloudId='null', cloudIds=[], simIdReady=false}
LV:I, TM: 2022-07-09 01:02:29, TAG: ##XLogger##, MSG: com.miui.cloudservice.sysbase.service.SimStateMonitorService::recheckSimId@SimStateMonitorService.java:196, thread:1--0, SIM_INFO{version=1, simId='null', lastCloudId='null', cloudIds=[], simIdReady=false}
LV:I, TM: 2022-07-09 01:02:29, TAG: ##XLogger##, MSG: com.miui.cloudservice.sysbase.service.SimStateMonitorService::recheckSimId@SimStateMonitorService.java:196, thread:1--1, SIM_INFO{version=1, simId='null', lastCloudId='null', cloudIds=[], simIdReady=false}
LV:I, TM: 2022-07-09 01:02:29, TAG: ##XLogger##, MSG: com.miui.cloudservice.sysbase.receiver.TelephonyStateChangeReceiver::onReceive@TelephonyStateChangeReceiver.java:18, thread:1--Intent { act=miui.android.intent.action.SIM_STATE_CHANGED flg=0x4000011 cmp=com.miui.cloudservice.sysbase/.receiver.TelephonyStateChangeReceiver (has extras) } EXTRAS: [ 'slot_id' => '1'  'subscription_id' => '1'  'phone_id' => '1'  'phoneName' => 'Phone'  'reason' => 'null'  'ss' => 'ABSENT'  'slot' => '1'  'phone' => '1'  'subscription' => '1' ]
LV:I, TM: 2022-07-09 01:02:29, TAG: ##XLogger##, MSG: com.miui.cloudservice.sysbase.service.SimStateMonitorService::handleTelephonyStateChange@SimStateMonitorService.java:64, thread:1--Handle miui.android.intent.action.SIM_STATE_CHANGED. 
LV:I, TM: 2022-07-09 01:02:29, TAG: ##XLogger##, MSG: com.miui.cloudservice.sysbase.service.SimStateMonitorService::recheckSIMStatus@SimStateMonitorService.java:99, thread:1--Old SIM info: [SIM_INFO{version=1, simId='null', lastCloudId='null', cloudIds=[], simIdReady=false}, SIM_INFO{version=1, simId='null', lastCloudId='null', cloudIds=[], simIdReady=false}]. 
LV:I, TM: 2022-07-09 01:02:29, TAG: ##XLogger##, MSG: com.miui.cloudservice.sysbase.service.SimStateMonitorService::recheckSIMStatus@SimStateMonitorService.java:105, thread:1--SIM 0: state: 6, id: null. 
LV:I, TM: 2022-07-09 01:02:29, TAG: ##XLogger##, MSG: com.miui.cloudservice.sysbase.service.SimStateMonitorService::recheckSIMStatus@SimStateMonitorService.java:105, thread:1--SIM 1: state: 1, id: null. 
LV:I, TM: 2022-07-09 01:02:29, TAG: ##XLogger##, MSG: com.miui.cloudservice.sysbase.service.SimStateMonitorService::recheckCloudId@SimStateMonitorService.java:149, thread:1--0, SIM_INFO{version=1, simId='null', lastCloudId='null', cloudIds=[], simIdReady=false}
LV:I, TM: 2022-07-09 01:02:29, TAG: ##XLogger##, MSG: com.miui.cloudservice.sysbase.service.SimStateMonitorService::recheckCloudId@SimStateMonitorService.java:149, thread:1--1, SIM_INFO{version=1, simId='null', lastCloudId='null', cloudIds=[], simIdReady=false}
LV:I, TM: 2022-07-09 01:02:29, TAG: ##XLogger##, MSG: com.miui.cloudservice.sysbase.service.SimStateMonitorService::recheckSimId@SimStateMonitorService.java:196, thread:1--0, SIM_INFO{version=1, simId='null', lastCloudId='null', cloudIds=[], simIdReady=false}
LV:I, TM: 2022-07-09 01:02:29, TAG: ##XLogger##, MSG: com.miui.cloudservice.sysbase.service.SimStateMonitorService::recheckSimId@SimStateMonitorService.java:196, thread:1--1, SIM_INFO{version=1, simId='null', lastCloudId='null', cloudIds=[], simIdReady=false}
LV:I, TM: 2022-07-09 05:03:37, TAG: ##XLogger##, MSG: com.miui.cloudservice.sysbase.receiver.TelephonyStateChangeReceiver::onReceive@TelephonyStateChangeReceiver.java:18, thread:1--Intent { act=miui.android.intent.action.SIM_STATE_CHANGED flg=0x4000011 cmp=com.miui.cloudservice.sysbase/.receiver.TelephonyStateChangeReceiver (has extras) } EXTRAS: [ 'slot_id' => '1'  'subscription_id' => '1'  'phone_id' => '1'  'phoneName' => 'Phone'  'reason' => 'null'  'ss' => 'LOADED'  'slot' => '1'  'phone' => '1'  'subscription' => '1' ]
LV:I, TM: 2022-07-09 05:03:37, TAG: ##XLogger##, MSG: com.miui.cloudservice.sysbase.service.SimStateMonitorService::handleTelephonyStateChange@SimStateMonitorService.java:64, thread:1--Handle miui.android.intent.action.SIM_STATE_CHANGED. 
LV:I, TM: 2022-07-09 05:03:37, TAG: ##XLogger##, MSG: com.miui.cloudservice.sysbase.service.SimStateMonitorService::recheckSIMStatus@SimStateMonitorService.java:99, thread:1--Old SIM info: [SIM_INFO{version=1, simId='null', lastCloudId='null', cloudIds=[], simIdReady=false}, SIM_INFO{version=1, simId='null', lastCloudId='null', cloudIds=[], simIdReady=false}]. 
LV:I, TM: 2022-07-09 05:03:37, TAG: ##XLogger##, MSG: com.miui.cloudservice.sysbase.service.SimStateMonitorService::recheckSIMStatus@SimStateMonitorService.java:105, thread:1--SIM 0: state: 1, id: null. 
LV:I, TM: 2022-07-09 05:03:37, TAG: ##XLogger##, MSG: com.miui.cloudservice.sysbase.service.SimStateMonitorService::recheckSIMStatus@SimStateMonitorService.java:105, thread:1--SIM 1: state: 5, id: ZphP6pyvCR7E4FYU. 
LV:I, TM: 2022-07-09 05:03:37, TAG: ##XLogger##, MSG: com.miui.cloudservice.sysbase.service.SimStateMonitorService::recheckSIMStatus@SimStateMonitorService.java:125, thread:1--Broadcast inserted. 
LV:I, TM: 2022-07-09 05:03:37, TAG: ##XLogger##, MSG: com.miui.cloudservice.sysbase.service.SimStateNotificationService::sendNotification@SimStateNotificationService.java:21, thread:1--Intent { act=com.xiaomi.X_SIM_INSERTED (has extras) } EXTRAS: [ 'slot_id' => '1'  'sim_id' => 'ZphP6pyvCR7E4FYU' ]
LV:I, TM: 2022-07-09 05:03:37, TAG: ##XLogger##, MSG: com.miui.cloudservice.sysbase.service.SimStateMonitorService::recheckCloudId@SimStateMonitorService.java:149, thread:1--0, SIM_INFO{version=1, simId='null', lastCloudId='null', cloudIds=[], simIdReady=false}
LV:I, TM: 2022-07-09 05:03:37, TAG: ##XLogger##, MSG: com.miui.cloudservice.sysbase.service.SimStateMonitorService::recheckCloudId@SimStateMonitorService.java:149, thread:1--1, SIM_INFO{version=1, simId='ZphP6pyvCR7E4FYU', lastCloudId='null', cloudIds=[], simIdReady=false}
LV:I, TM: 2022-07-09 05:03:37, TAG: ##XLogger##, MSG: com.miui.cloudservice.sysbase.service.SimStateMonitorService::recheckCloudId@SimStateMonitorService.java:157, thread:1--Cloud ID(SIM 1): e1HnDt4r6jvH4ASu. 
LV:I, TM: 2022-07-09 05:03:37, TAG: ##XLogger##, MSG: com.miui.cloudservice.sysbase.service.SimStateMonitorService::recheckCloudId@SimStateMonitorService.java:166, thread:1--Broadcast cloud ID changed. 
LV:I, TM: 2022-07-09 05:03:37, TAG: ##XLogger##, MSG: com.miui.cloudservice.sysbase.service.SimStateNotificationService::sendNotification@SimStateNotificationService.java:21, thread:1--Intent { act=com.xiaomi.X_SIM_CLOUDID_CHANGED (has extras) } EXTRAS: [ 'slot_id' => '1'  'cloud_id' => 'e1HnDt4r6jvH4ASu' ]
LV:I, TM: 2022-07-09 05:03:37, TAG: ##XLogger##, MSG: com.miui.cloudservice.sysbase.service.SimStateMonitorService::recheckCloudId@SimStateMonitorService.java:175, thread:1--Broadcast new cloud ID. 
LV:I, TM: 2022-07-09 05:03:37, TAG: ##XLogger##, MSG: com.miui.cloudservice.sysbase.service.SimStateNotificationService::sendNotification@SimStateNotificationService.java:21, thread:1--Intent { act=com.xiaomi.X_SIM_NEW_CLOUDID (has extras) } EXTRAS: [ 'slot_id' => '1'  'cloud_id' => 'e1HnDt4r6jvH4ASu' ]
LV:I, TM: 2022-07-09 05:03:37, TAG: ##XLogger##, MSG: com.miui.cloudservice.sysbase.service.SimStateMonitorService::recheckSimId@SimStateMonitorService.java:196, thread:1--0, SIM_INFO{version=1, simId='null', lastCloudId='null', cloudIds=[], simIdReady=false}
LV:I, TM: 2022-07-09 05:03:37, TAG: ##XLogger##, MSG: com.miui.cloudservice.sysbase.service.SimStateMonitorService::recheckSimId@SimStateMonitorService.java:196, thread:1--1, SIM_INFO{version=1, simId='ZphP6pyvCR7E4FYU', lastCloudId='e1HnDt4r6jvH4ASu', cloudIds=[e1HnDt4r6jvH4ASu], simIdReady=false}
LV:I, TM: 2022-07-09 05:03:37, TAG: ##XLogger##, MSG: com.miui.cloudservice.sysbase.service.SimStateMonitorService::recheckSimId@SimStateMonitorService.java:205, thread:1--SIMID(1): ZphP6pyvCR7E4FYU. 
LV:I, TM: 2022-07-09 05:03:37, TAG: ##XLogger##, MSG: com.miui.cloudservice.sysbase.service.SimStateMonitorService::recheckSimId@SimStateMonitorService.java:211, thread:1--Broadcast SIMID ready. 
LV:I, TM: 2022-07-09 05:03:37, TAG: ##XLogger##, MSG: com.miui.cloudservice.sysbase.service.SimStateNotificationService::sendNotification@SimStateNotificationService.java:21, thread:1--Intent { act=com.xiaomi.X_SIM_SIMID_READY (has extras) } EXTRAS: [ 'slot_id' => '1'  'sim_id' => 'ZphP6pyvCR7E4FYU' ]
LV:I, TM: 2022-07-09 08:26:55, TAG: ##XLogger##, MSG: com.miui.cloudservice.sysbase.receiver.TelephonyStateChangeReceiver::onReceive@TelephonyStateChangeReceiver.java:18, thread:1--Intent { act=miui.android.intent.action.SIM_STATE_CHANGED flg=0x4000011 cmp=com.miui.cloudservice.sysbase/.receiver.TelephonyStateChangeReceiver (has extras) } EXTRAS: [ 'slot_id' => '0'  'subscription_id' => '2147483643'  'phone_id' => '0'  'phoneName' => 'Phone'  'reason' => 'null'  'ss' => 'NOT_READY'  'slot' => '0'  'phone' => '0'  'subscription' => '2147483643' ]
LV:I, TM: 2022-07-09 08:26:55, TAG: ##XLogger##, MSG: com.miui.cloudservice.sysbase.service.SimStateMonitorService::handleTelephonyStateChange@SimStateMonitorService.java:64, thread:1--Handle miui.android.intent.action.SIM_STATE_CHANGED. 
LV:I, TM: 2022-07-09 08:26:55, TAG: ##XLogger##, MSG: com.miui.cloudservice.sysbase.service.SimStateMonitorService::recheckSIMStatus@SimStateMonitorService.java:99, thread:1--Old SIM info: [SIM_INFO{version=1, simId='null', lastCloudId='null', cloudIds=[], simIdReady=false}, SIM_INFO{version=1, simId='ZphP6pyvCR7E4FYU', lastCloudId='e1HnDt4r6jvH4ASu', cloudIds=[e1HnDt4r6jvH4ASu], simIdReady=true}]. 
LV:I, TM: 2022-07-09 08:26:55, TAG: ##XLogger##, MSG: com.miui.cloudservice.sysbase.service.SimStateMonitorService::recheckSIMStatus@SimStateMonitorService.java:105, thread:1--SIM 0: state: 6, id: null. 
LV:I, TM: 2022-07-09 08:26:55, TAG: ##XLogger##, MSG: com.miui.cloudservice.sysbase.service.SimStateMonitorService::recheckSIMStatus@SimStateMonitorService.java:105, thread:1--SIM 1: state: 1, id: null. 
LV:I, TM: 2022-07-09 08:26:55, TAG: ##XLogger##, MSG: com.miui.cloudservice.sysbase.service.SimStateMonitorService::recheckSIMStatus@SimStateMonitorService.java:109, thread:1--Broadcast removed. 
LV:I, TM: 2022-07-09 08:26:55, TAG: ##XLogger##, MSG: com.miui.cloudservice.sysbase.service.SimStateNotificationService::sendNotification@SimStateNotificationService.java:21, thread:1--Intent { act=com.xiaomi.X_SIM_REMOVED (has extras) } EXTRAS: [ 'slot_id' => '1' ]
LV:I, TM: 2022-07-09 08:26:55, TAG: ##XLogger##, MSG: com.miui.cloudservice.sysbase.service.SimStateMonitorService::recheckCloudId@SimStateMonitorService.java:149, thread:1--0, SIM_INFO{version=1, simId='null', lastCloudId='null', cloudIds=[], simIdReady=false}
LV:I, TM: 2022-07-09 08:26:55, TAG: ##XLogger##, MSG: com.miui.cloudservice.sysbase.service.SimStateMonitorService::recheckCloudId@SimStateMonitorService.java:149, thread:1--1, SIM_INFO{version=1, simId='null', lastCloudId='null', cloudIds=[], simIdReady=false}
LV:I, TM: 2022-07-09 08:26:55, TAG: ##XLogger##, MSG: com.miui.cloudservice.sysbase.service.SimStateMonitorService::recheckSimId@SimStateMonitorService.java:196, thread:1--0, SIM_INFO{version=1, simId='null', lastCloudId='null', cloudIds=[], simIdReady=false}
LV:I, TM: 2022-07-09 08:26:55, TAG: ##XLogger##, MSG: com.miui.cloudservice.sysbase.service.SimStateMonitorService::recheckSimId@SimStateMonitorService.java:196, thread:1--1, SIM_INFO{version=1, simId='null', lastCloudId='null', cloudIds=[], simIdReady=false}
LV:I, TM: 2022-07-09 08:26:55, TAG: ##XLogger##, MSG: com.miui.cloudservice.sysbase.receiver.TelephonyStateChangeReceiver::onReceive@TelephonyStateChangeReceiver.java:18, thread:1--Intent { act=miui.android.intent.action.SIM_STATE_CHANGED flg=0x4000011 cmp=com.miui.cloudservice.sysbase/.receiver.TelephonyStateChangeReceiver (has extras) } EXTRAS: [ 'slot_id' => '1'  'subscription_id' => '1'  'phone_id' => '1'  'phoneName' => 'Phone'  'reason' => 'null'  'ss' => 'NOT_READY'  'slot' => '1'  'phone' => '1'  'subscription' => '1' ]
LV:I, TM: 2022-07-09 08:26:55, TAG: ##XLogger##, MSG: com.miui.cloudservice.sysbase.service.SimStateMonitorService::handleTelephonyStateChange@SimStateMonitorService.java:64, thread:1--Handle miui.android.intent.action.SIM_STATE_CHANGED. 
LV:I, TM: 2022-07-09 08:26:55, TAG: ##XLogger##, MSG: com.miui.cloudservice.sysbase.service.SimStateMonitorService::recheckSIMStatus@SimStateMonitorService.java:99, thread:1--Old SIM info: [SIM_INFO{version=1, simId='null', lastCloudId='null', cloudIds=[], simIdReady=false}, SIM_INFO{version=1, simId='null', lastCloudId='null', cloudIds=[], simIdReady=false}]. 
LV:I, TM: 2022-07-09 08:26:55, TAG: ##XLogger##, MSG: com.miui.cloudservice.sysbase.service.SimStateMonitorService::recheckSIMStatus@SimStateMonitorService.java:105, thread:1--SIM 0: state: 6, id: null. 
LV:I, TM: 2022-07-09 08:26:55, TAG: ##XLogger##, MSG: com.miui.cloudservice.sysbase.service.SimStateMonitorService::recheckSIMStatus@SimStateMonitorService.java:105, thread:1--SIM 1: state: 1, id: null. 
LV:I, TM: 2022-07-09 08:26:55, TAG: ##XLogger##, MSG: com.miui.cloudservice.sysbase.service.SimStateMonitorService::recheckCloudId@SimStateMonitorService.java:149, thread:1--0, SIM_INFO{version=1, simId='null', lastCloudId='null', cloudIds=[], simIdReady=false}
LV:I, TM: 2022-07-09 08:26:55, TAG: ##XLogger##, MSG: com.miui.cloudservice.sysbase.service.SimStateMonitorService::recheckCloudId@SimStateMonitorService.java:149, thread:1--1, SIM_INFO{version=1, simId='null', lastCloudId='null', cloudIds=[], simIdReady=false}
LV:I, TM: 2022-07-09 08:26:55, TAG: ##XLogger##, MSG: com.miui.cloudservice.sysbase.service.SimStateMonitorService::recheckSimId@SimStateMonitorService.java:196, thread:1--0, SIM_INFO{version=1, simId='null', lastCloudId='null', cloudIds=[], simIdReady=false}
LV:I, TM: 2022-07-09 08:26:55, TAG: ##XLogger##, MSG: com.miui.cloudservice.sysbase.service.SimStateMonitorService::recheckSimId@SimStateMonitorService.java:196, thread:1--1, SIM_INFO{version=1, simId='null', lastCloudId='null', cloudIds=[], simIdReady=false}
LV:I, TM: 2022-07-09 08:26:55, TAG: ##XLogger##, MSG: com.miui.cloudservice.sysbase.receiver.TelephonyStateChangeReceiver::onReceive@TelephonyStateChangeReceiver.java:18, thread:1--Intent { act=miui.android.intent.action.SIM_STATE_CHANGED flg=0x4000011 cmp=com.miui.cloudservice.sysbase/.receiver.TelephonyStateChangeReceiver (has extras) } EXTRAS: [ 'slot_id' => '1'  'subscription_id' => '1'  'phone_id' => '1'  'phoneName' => 'Phone'  'reason' => 'null'  'ss' => 'ABSENT'  'slot' => '1'  'phone' => '1'  'subscription' => '1' ]
LV:I, TM: 2022-07-09 08:26:55, TAG: ##XLogger##, MSG: com.miui.cloudservice.sysbase.service.SimStateMonitorService::handleTelephonyStateChange@SimStateMonitorService.java:64, thread:1--Handle miui.android.intent.action.SIM_STATE_CHANGED. 
LV:I, TM: 2022-07-09 08:26:55, TAG: ##XLogger##, MSG: com.miui.cloudservice.sysbase.service.SimStateMonitorService::recheckSIMStatus@SimStateMonitorService.java:99, thread:1--Old SIM info: [SIM_INFO{version=1, simId='null', lastCloudId='null', cloudIds=[], simIdReady=false}, SIM_INFO{version=1, simId='null', lastCloudId='null', cloudIds=[], simIdReady=false}]. 
LV:I, TM: 2022-07-09 08:26:55, TAG: ##XLogger##, MSG: com.miui.cloudservice.sysbase.service.SimStateMonitorService::recheckSIMStatus@SimStateMonitorService.java:105, thread:1--SIM 0: state: 6, id: null. 
LV:I, TM: 2022-07-09 08:26:55, TAG: ##XLogger##, MSG: com.miui.cloudservice.sysbase.service.SimStateMonitorService::recheckSIMStatus@SimStateMonitorService.java:105, thread:1--SIM 1: state: 1, id: null. 
LV:I, TM: 2022-07-09 08:26:55, TAG: ##XLogger##, MSG: com.miui.cloudservice.sysbase.service.SimStateMonitorService::recheckCloudId@SimStateMonitorService.java:149, thread:1--0, SIM_INFO{version=1, simId='null', lastCloudId='null', cloudIds=[], simIdReady=false}
LV:I, TM: 2022-07-09 08:26:55, TAG: ##XLogger##, MSG: com.miui.cloudservice.sysbase.service.SimStateMonitorService::recheckCloudId@SimStateMonitorService.java:149, thread:1--1, SIM_INFO{version=1, simId='null', lastCloudId='null', cloudIds=[], simIdReady=false}
LV:I, TM: 2022-07-09 08:26:55, TAG: ##XLogger##, MSG: com.miui.cloudservice.sysbase.service.SimStateMonitorService::recheckSimId@SimStateMonitorService.java:196, thread:1--0, SIM_INFO{version=1, simId='null', lastCloudId='null', cloudIds=[], simIdReady=false}
LV:I, TM: 2022-07-09 08:26:55, TAG: ##XLogger##, MSG: com.miui.cloudservice.sysbase.service.SimStateMonitorService::recheckSimId@SimStateMonitorService.java:196, thread:1--1, SIM_INFO{version=1, simId='null', lastCloudId='null', cloudIds=[], simIdReady=false}
LV:I, TM: 2022-07-09 18:16:29, TAG: ##XLogger##, MSG: com.miui.cloudservice.sysbase.receiver.TelephonyStateChangeReceiver::onReceive@TelephonyStateChangeReceiver.java:18, thread:1--Intent { act=miui.android.intent.action.SIM_STATE_CHANGED flg=0x4000011 cmp=com.miui.cloudservice.sysbase/.receiver.TelephonyStateChangeReceiver (has extras) } EXTRAS: [ 'slot_id' => '1'  'subscription_id' => '1'  'phone_id' => '1'  'phoneName' => 'Phone'  'reason' => 'null'  'ss' => 'LOADED'  'slot' => '1'  'phone' => '1'  'subscription' => '1' ]
LV:I, TM: 2022-07-09 18:16:29, TAG: ##XLogger##, MSG: com.miui.cloudservice.sysbase.service.SimStateMonitorService::handleTelephonyStateChange@SimStateMonitorService.java:64, thread:1--Handle miui.android.intent.action.SIM_STATE_CHANGED. 
LV:I, TM: 2022-07-09 18:16:29, TAG: ##XLogger##, MSG: com.miui.cloudservice.sysbase.service.SimStateMonitorService::recheckSIMStatus@SimStateMonitorService.java:99, thread:1--Old SIM info: [SIM_INFO{version=1, simId='null', lastCloudId='null', cloudIds=[], simIdReady=false}, SIM_INFO{version=1, simId='null', lastCloudId='null', cloudIds=[], simIdReady=false}]. 
LV:I, TM: 2022-07-09 18:16:29, TAG: ##XLogger##, MSG: com.miui.cloudservice.sysbase.service.SimStateMonitorService::recheckSIMStatus@SimStateMonitorService.java:105, thread:1--SIM 0: state: 1, id: null. 
LV:I, TM: 2022-07-09 18:16:29, TAG: ##XLogger##, MSG: com.miui.cloudservice.sysbase.service.SimStateMonitorService::recheckSIMStatus@SimStateMonitorService.java:105, thread:1--SIM 1: state: 5, id: ZphP6pyvCR7E4FYU. 
LV:I, TM: 2022-07-09 18:16:29, TAG: ##XLogger##, MSG: com.miui.cloudservice.sysbase.service.SimStateMonitorService::recheckSIMStatus@SimStateMonitorService.java:125, thread:1--Broadcast inserted. 
LV:I, TM: 2022-07-09 18:16:29, TAG: ##XLogger##, MSG: com.miui.cloudservice.sysbase.service.SimStateNotificationService::sendNotification@SimStateNotificationService.java:21, thread:1--Intent { act=com.xiaomi.X_SIM_INSERTED (has extras) } EXTRAS: [ 'slot_id' => '1'  'sim_id' => 'ZphP6pyvCR7E4FYU' ]
LV:I, TM: 2022-07-09 18:16:29, TAG: ##XLogger##, MSG: com.miui.cloudservice.sysbase.service.SimStateMonitorService::recheckCloudId@SimStateMonitorService.java:149, thread:1--0, SIM_INFO{version=1, simId='null', lastCloudId='null', cloudIds=[], simIdReady=false}
LV:I, TM: 2022-07-09 18:16:29, TAG: ##XLogger##, MSG: com.miui.cloudservice.sysbase.service.SimStateMonitorService::recheckCloudId@SimStateMonitorService.java:149, thread:1--1, SIM_INFO{version=1, simId='ZphP6pyvCR7E4FYU', lastCloudId='null', cloudIds=[], simIdReady=false}
LV:I, TM: 2022-07-09 18:16:29, TAG: ##XLogger##, MSG: com.miui.cloudservice.sysbase.service.SimStateMonitorService::recheckCloudId@SimStateMonitorService.java:157, thread:1--Cloud ID(SIM 1): e1HnDt4r6jvH4ASu. 
LV:I, TM: 2022-07-09 18:16:29, TAG: ##XLogger##, MSG: com.miui.cloudservice.sysbase.service.SimStateMonitorService::recheckCloudId@SimStateMonitorService.java:166, thread:1--Broadcast cloud ID changed. 
LV:I, TM: 2022-07-09 18:16:29, TAG: ##XLogger##, MSG: com.miui.cloudservice.sysbase.service.SimStateNotificationService::sendNotification@SimStateNotificationService.java:21, thread:1--Intent { act=com.xiaomi.X_SIM_CLOUDID_CHANGED (has extras) } EXTRAS: [ 'slot_id' => '1'  'cloud_id' => 'e1HnDt4r6jvH4ASu' ]
LV:I, TM: 2022-07-09 18:16:29, TAG: ##XLogger##, MSG: com.miui.cloudservice.sysbase.service.SimStateMonitorService::recheckCloudId@SimStateMonitorService.java:175, thread:1--Broadcast new cloud ID. 
LV:I, TM: 2022-07-09 18:16:29, TAG: ##XLogger##, MSG: com.miui.cloudservice.sysbase.service.SimStateNotificationService::sendNotification@SimStateNotificationService.java:21, thread:1--Intent { act=com.xiaomi.X_SIM_NEW_CLOUDID (has extras) } EXTRAS: [ 'slot_id' => '1'  'cloud_id' => 'e1HnDt4r6jvH4ASu' ]
LV:I, TM: 2022-07-09 18:16:29, TAG: ##XLogger##, MSG: com.miui.cloudservice.sysbase.service.SimStateMonitorService::recheckSimId@SimStateMonitorService.java:196, thread:1--0, SIM_INFO{version=1, simId='null', lastCloudId='null', cloudIds=[], simIdReady=false}
LV:I, TM: 2022-07-09 18:16:29, TAG: ##XLogger##, MSG: com.miui.cloudservice.sysbase.service.SimStateMonitorService::recheckSimId@SimStateMonitorService.java:196, thread:1--1, SIM_INFO{version=1, simId='ZphP6pyvCR7E4FYU', lastCloudId='e1HnDt4r6jvH4ASu', cloudIds=[e1HnDt4r6jvH4ASu], simIdReady=false}
LV:I, TM: 2022-07-09 18:16:29, TAG: ##XLogger##, MSG: com.miui.cloudservice.sysbase.service.SimStateMonitorService::recheckSimId@SimStateMonitorService.java:205, thread:1--SIMID(1): ZphP6pyvCR7E4FYU. 
LV:I, TM: 2022-07-09 18:16:29, TAG: ##XLogger##, MSG: com.miui.cloudservice.sysbase.service.SimStateMonitorService::recheckSimId@SimStateMonitorService.java:211, thread:1--Broadcast SIMID ready. 
LV:I, TM: 2022-07-09 18:16:29, TAG: ##XLogger##, MSG: com.miui.cloudservice.sysbase.service.SimStateNotificationService::sendNotification@SimStateNotificationService.java:21, thread:1--Intent { act=com.xiaomi.X_SIM_SIMID_READY (has extras) } EXTRAS: [ 'slot_id' => '1'  'sim_id' => 'ZphP6pyvCR7E4FYU' ]
